<?xml version="1.0" encoding="UTF-8"?>
<coverage generated="1606916567117" clover="3.2.0">
  <project timestamp="1606916567117" name="All files">
    <metrics statements="322" coveredstatements="303" conditionals="72" coveredconditionals="67" methods="122" coveredmethods="106" elements="516" coveredelements="476" complexity="0" loc="322" ncloc="322" packages="7" files="21" classes="21">
      <package name="seuBarriga">
        <metrics statements="1" coveredstatements="1" conditionals="0" coveredconditionals="0" methods="0" coveredmethods="0"/>
        <file name="knexfile.js" path="C:\Dev\Fontes\seuBarriga\knexfile.js">
          <metrics statements="1" coveredstatements="1" conditionals="0" coveredconditionals="0" methods="0" coveredmethods="0"/>
          <line num="1" count="7" type="stmt"/>
        </file>
      </package>
      <package name="seuBarriga.src">
        <metrics statements="16" coveredstatements="14" conditionals="4" coveredconditionals="3" methods="2" coveredmethods="2"/>
        <file name="app.js" path="C:\Dev\Fontes\seuBarriga\src\app.js">
          <metrics statements="16" coveredstatements="14" conditionals="4" coveredconditionals="3" methods="2" coveredmethods="2"/>
          <line num="1" count="7" type="stmt"/>
          <line num="2" count="7" type="stmt"/>
          <line num="3" count="7" type="stmt"/>
          <line num="4" count="7" type="stmt"/>
          <line num="6" count="7" type="stmt"/>
          <line num="8" count="7" type="stmt"/>
          <line num="16" count="7" type="stmt"/>
          <line num="17" count="1" type="stmt"/>
          <line num="21" count="7" type="stmt"/>
          <line num="22" count="36" type="stmt"/>
          <line num="23" count="36" type="cond" truecount="2" falsecount="0"/>
          <line num="24" count="5" type="cond" truecount="1" falsecount="1"/>
          <line num="26" count="0" type="stmt"/>
          <line num="27" count="0" type="stmt"/>
          <line num="30" count="36" type="stmt"/>
          <line num="33" count="7" type="stmt"/>
        </file>
      </package>
      <package name="seuBarriga.src.config">
        <metrics statements="29" coveredstatements="27" conditionals="2" coveredconditionals="1" methods="7" coveredmethods="6"/>
        <file name="middlewares.js" path="C:\Dev\Fontes\seuBarriga\src\config\middlewares.js">
          <metrics statements="4" coveredstatements="4" conditionals="0" coveredconditionals="0" methods="1" coveredmethods="1"/>
          <line num="1" count="7" type="stmt"/>
          <line num="3" count="7" type="stmt"/>
          <line num="4" count="7" type="stmt"/>
          <line num="6" count="7" type="stmt"/>
        </file>
        <file name="passport.js" path="C:\Dev\Fontes\seuBarriga\src\config\passport.js">
          <metrics statements="15" coveredstatements="13" conditionals="2" coveredconditionals="1" methods="5" coveredmethods="4"/>
          <line num="1" count="7" type="stmt"/>
          <line num="2" count="7" type="stmt"/>
          <line num="4" count="7" type="stmt"/>
          <line num="6" count="7" type="stmt"/>
          <line num="8" count="7" type="stmt"/>
          <line num="9" count="7" type="stmt"/>
          <line num="14" count="7" type="stmt"/>
          <line num="15" count="72" type="stmt"/>
          <line num="16" count="72" type="cond" truecount="1" falsecount="1"/>
          <line num="17" count="72" type="stmt"/>
          <line num="19" count="0" type="stmt"/>
          <line num="21" count="0" type="stmt"/>
          <line num="24" count="7" type="stmt"/>
          <line num="26" count="7" type="stmt"/>
          <line num="27" count="7" type="stmt"/>
        </file>
        <file name="router.js" path="C:\Dev\Fontes\seuBarriga\src\config\router.js">
          <metrics statements="10" coveredstatements="10" conditionals="0" coveredconditionals="0" methods="1" coveredmethods="1"/>
          <line num="1" count="7" type="stmt"/>
          <line num="3" count="7" type="stmt"/>
          <line num="4" count="7" type="stmt"/>
          <line num="6" count="7" type="stmt"/>
          <line num="8" count="7" type="stmt"/>
          <line num="9" count="7" type="stmt"/>
          <line num="10" count="7" type="stmt"/>
          <line num="11" count="7" type="stmt"/>
          <line num="12" count="7" type="stmt"/>
          <line num="14" count="7" type="stmt"/>
        </file>
      </package>
      <package name="seuBarriga.src.errors">
        <metrics statements="6" coveredstatements="6" conditionals="1" coveredconditionals="1" methods="2" coveredmethods="2"/>
        <file name="recursoIndevidoError.js" path="C:\Dev\Fontes\seuBarriga\src\errors\recursoIndevidoError.js">
          <metrics statements="3" coveredstatements="3" conditionals="1" coveredconditionals="1" methods="1" coveredmethods="1"/>
          <line num="1" count="7" type="cond" truecount="1" falsecount="0"/>
          <line num="2" count="5" type="stmt"/>
          <line num="3" count="5" type="stmt"/>
        </file>
        <file name="validationError.js" path="C:\Dev\Fontes\seuBarriga\src\errors\validationError.js">
          <metrics statements="3" coveredstatements="3" conditionals="0" coveredconditionals="0" methods="1" coveredmethods="1"/>
          <line num="1" count="7" type="stmt"/>
          <line num="2" count="31" type="stmt"/>
          <line num="3" count="31" type="stmt"/>
        </file>
      </package>
      <package name="seuBarriga.src.routes">
        <metrics statements="130" coveredstatements="115" conditionals="6" coveredconditionals="6" methods="77" coveredmethods="62"/>
        <file name="accounts.js" path="C:\Dev\Fontes\seuBarriga\src\routes\accounts.js">
          <metrics statements="31" coveredstatements="28" conditionals="2" coveredconditionals="2" methods="19" coveredmethods="16"/>
          <line num="1" count="7" type="stmt"/>
          <line num="2" count="7" type="stmt"/>
          <line num="4" count="7" type="stmt"/>
          <line num="6" count="7" type="stmt"/>
          <line num="9" count="7" type="stmt"/>
          <line num="10" count="7" type="stmt"/>
          <line num="11" count="7" type="cond" truecount="2" falsecount="0"/>
          <line num="12" count="3" type="stmt"/>
          <line num="14" count="4" type="stmt"/>
          <line num="16" count="3" type="stmt"/>
          <line num="19" count="7" type="stmt"/>
          <line num="20" count="1" type="stmt"/>
          <line num="21" count="1" type="stmt"/>
          <line num="22" count="0" type="stmt"/>
          <line num="25" count="7" type="stmt"/>
          <line num="26" count="3" type="stmt"/>
          <line num="27" count="1" type="stmt"/>
          <line num="28" count="2" type="stmt"/>
          <line num="31" count="7" type="stmt"/>
          <line num="32" count="1" type="stmt"/>
          <line num="33" count="1" type="stmt"/>
          <line num="34" count="0" type="stmt"/>
          <line num="37" count="7" type="stmt"/>
          <line num="38" count="1" type="stmt"/>
          <line num="39" count="1" type="stmt"/>
          <line num="40" count="0" type="stmt"/>
          <line num="43" count="7" type="stmt"/>
          <line num="44" count="2" type="stmt"/>
          <line num="45" count="1" type="stmt"/>
          <line num="46" count="1" type="stmt"/>
          <line num="49" count="7" type="stmt"/>
        </file>
        <file name="auth.js" path="C:\Dev\Fontes\seuBarriga\src\routes\auth.js">
          <metrics statements="12" coveredstatements="11" conditionals="0" coveredconditionals="0" methods="7" coveredmethods="6"/>
          <line num="1" count="7" type="stmt"/>
          <line num="3" count="7" type="stmt"/>
          <line num="5" count="7" type="stmt"/>
          <line num="7" count="7" type="stmt"/>
          <line num="9" count="3" type="stmt"/>
          <line num="10" count="1" type="stmt"/>
          <line num="11" count="2" type="stmt"/>
          <line num="14" count="7" type="stmt"/>
          <line num="15" count="1" type="stmt"/>
          <line num="16" count="1" type="stmt"/>
          <line num="17" count="0" type="stmt"/>
          <line num="20" count="7" type="stmt"/>
        </file>
        <file name="balance.js" path="C:\Dev\Fontes\seuBarriga\src\routes\balance.js">
          <metrics statements="8" coveredstatements="7" conditionals="0" coveredconditionals="0" methods="4" coveredmethods="3"/>
          <line num="1" count="7" type="stmt"/>
          <line num="3" count="7" type="stmt"/>
          <line num="5" count="7" type="stmt"/>
          <line num="7" count="7" type="stmt"/>
          <line num="8" count="9" type="stmt"/>
          <line num="9" count="9" type="stmt"/>
          <line num="10" count="0" type="stmt"/>
          <line num="13" count="7" type="stmt"/>
        </file>
        <file name="transactions.js" path="C:\Dev\Fontes\seuBarriga\src\routes\transactions.js">
          <metrics statements="31" coveredstatements="26" conditionals="2" coveredconditionals="2" methods="19" coveredmethods="14"/>
          <line num="1" count="7" type="stmt"/>
          <line num="2" count="7" type="stmt"/>
          <line num="4" count="7" type="stmt"/>
          <line num="6" count="7" type="stmt"/>
          <line num="9" count="7" type="stmt"/>
          <line num="10" count="4" type="stmt"/>
          <line num="11" count="4" type="cond" truecount="2" falsecount="0"/>
          <line num="12" count="1" type="stmt"/>
          <line num="14" count="3" type="stmt"/>
          <line num="16" count="1" type="stmt"/>
          <line num="19" count="7" type="stmt"/>
          <line num="20" count="1" type="stmt"/>
          <line num="21" count="1" type="stmt"/>
          <line num="22" count="0" type="stmt"/>
          <line num="25" count="7" type="stmt"/>
          <line num="26" count="16" type="stmt"/>
          <line num="27" count="10" type="stmt"/>
          <line num="28" count="0" type="stmt"/>
          <line num="31" count="7" type="stmt"/>
          <line num="32" count="1" type="stmt"/>
          <line num="33" count="1" type="stmt"/>
          <line num="34" count="0" type="stmt"/>
          <line num="37" count="7" type="stmt"/>
          <line num="38" count="1" type="stmt"/>
          <line num="39" count="1" type="stmt"/>
          <line num="40" count="0" type="stmt"/>
          <line num="43" count="7" type="stmt"/>
          <line num="44" count="1" type="stmt"/>
          <line num="45" count="1" type="stmt"/>
          <line num="46" count="0" type="stmt"/>
          <line num="49" count="7" type="stmt"/>
        </file>
        <file name="transfers.js" path="C:\Dev\Fontes\seuBarriga\src\routes\transfers.js">
          <metrics statements="36" coveredstatements="32" conditionals="2" coveredconditionals="2" methods="21" coveredmethods="17"/>
          <line num="1" count="7" type="stmt"/>
          <line num="2" count="7" type="stmt"/>
          <line num="4" count="7" type="stmt"/>
          <line num="5" count="7" type="stmt"/>
          <line num="7" count="7" type="stmt"/>
          <line num="8" count="20" type="stmt"/>
          <line num="9" count="4" type="stmt"/>
          <line num="10" count="16" type="stmt"/>
          <line num="13" count="7" type="stmt"/>
          <line num="14" count="12" type="stmt"/>
          <line num="15" count="12" type="cond" truecount="2" falsecount="0"/>
          <line num="16" count="1" type="stmt"/>
          <line num="18" count="11" type="stmt"/>
          <line num="20" count="1" type="stmt"/>
          <line num="23" count="7" type="stmt"/>
          <line num="24" count="1" type="stmt"/>
          <line num="25" count="1" type="stmt"/>
          <line num="26" count="0" type="stmt"/>
          <line num="29" count="7" type="stmt"/>
          <line num="30" count="3" type="stmt"/>
          <line num="31" count="3" type="stmt"/>
          <line num="32" count="3" type="stmt"/>
          <line num="33" count="0" type="stmt"/>
          <line num="36" count="7" type="stmt"/>
          <line num="37" count="1" type="stmt"/>
          <line num="38" count="1" type="stmt"/>
          <line num="39" count="0" type="stmt"/>
          <line num="42" count="7" type="stmt"/>
          <line num="43" count="1" type="stmt"/>
          <line num="44" count="1" type="stmt"/>
          <line num="45" count="1" type="stmt"/>
          <line num="46" count="0" type="stmt"/>
          <line num="49" count="7" type="stmt"/>
          <line num="50" count="1" type="stmt"/>
          <line num="51" count="1" type="stmt"/>
          <line num="55" count="7" type="stmt"/>
        </file>
        <file name="users.js" path="C:\Dev\Fontes\seuBarriga\src\routes\users.js">
          <metrics statements="12" coveredstatements="11" conditionals="0" coveredconditionals="0" methods="7" coveredmethods="6"/>
          <line num="1" count="7" type="stmt"/>
          <line num="3" count="7" type="stmt"/>
          <line num="5" count="7" type="stmt"/>
          <line num="7" count="7" type="stmt"/>
          <line num="8" count="1" type="stmt"/>
          <line num="9" count="1" type="stmt"/>
          <line num="10" count="0" type="stmt"/>
          <line num="13" count="7" type="stmt"/>
          <line num="14" count="6" type="stmt"/>
          <line num="15" count="2" type="stmt"/>
          <line num="16" count="4" type="stmt"/>
          <line num="19" count="7" type="stmt"/>
        </file>
      </package>
      <package name="seuBarriga.src.seeds">
        <metrics statements="12" coveredstatements="12" conditionals="0" coveredconditionals="0" methods="2" coveredmethods="2"/>
        <file name="01_transfer.js" path="C:\Dev\Fontes\seuBarriga\src\seeds\01_transfer.js">
          <metrics statements="9" coveredstatements="9" conditionals="0" coveredconditionals="0" methods="1" coveredmethods="1"/>
          <line num="2" count="2" type="stmt"/>
          <line num="4" count="2" type="stmt"/>
          <line num="5" count="2" type="stmt"/>
          <line num="6" count="2" type="stmt"/>
          <line num="7" count="2" type="stmt"/>
          <line num="9" count="2" type="stmt"/>
          <line num="14" count="2" type="stmt"/>
          <line num="21" count="2" type="stmt"/>
          <line num="26" count="2" type="stmt"/>
        </file>
        <file name="02_balance.js" path="C:\Dev\Fontes\seuBarriga\src\seeds\02_balance.js">
          <metrics statements="3" coveredstatements="3" conditionals="0" coveredconditionals="0" methods="1" coveredmethods="1"/>
          <line num="1" count="2" type="stmt"/>
          <line num="3" count="2" type="stmt"/>
          <line num="8" count="2" type="stmt"/>
        </file>
      </package>
      <package name="seuBarriga.src.services">
        <metrics statements="128" coveredstatements="128" conditionals="59" coveredconditionals="56" methods="32" coveredmethods="32"/>
        <file name="account.js" path="C:\Dev\Fontes\seuBarriga\src\services\account.js">
          <metrics statements="19" coveredstatements="19" conditionals="7" coveredconditionals="6" methods="6" coveredmethods="6"/>
          <line num="1" count="7" type="stmt"/>
          <line num="3" count="7" type="stmt"/>
          <line num="5" count="7" type="stmt"/>
          <line num="7" count="7" type="stmt"/>
          <line num="8" count="1" type="stmt"/>
          <line num="11" count="7" type="stmt"/>
          <line num="13" count="3" type="stmt"/>
          <line num="14" count="3" type="cond" truecount="2" falsecount="0"/>
          <line num="15" count="2" type="cond" truecount="2" falsecount="0"/>
          <line num="17" count="1" type="stmt"/>
          <line num="20" count="7" type="cond" truecount="0" falsecount="1"/>
          <line num="21" count="25" type="stmt"/>
          <line num="24" count="7" type="stmt"/>
          <line num="25" count="1" type="stmt"/>
          <line num="28" count="7" type="stmt"/>
          <line num="29" count="2" type="stmt"/>
          <line num="30" count="2" type="cond" truecount="2" falsecount="0"/>
          <line num="32" count="1" type="stmt"/>
          <line num="35" count="7" type="stmt"/>
        </file>
        <file name="authService.js" path="C:\Dev\Fontes\seuBarriga\src\services\authService.js">
          <metrics statements="17" coveredstatements="17" conditionals="4" coveredconditionals="4" methods="5" coveredmethods="5"/>
          <line num="1" count="7" type="stmt"/>
          <line num="2" count="7" type="stmt"/>
          <line num="3" count="7" type="stmt"/>
          <line num="5" count="7" type="stmt"/>
          <line num="7" count="7" type="stmt"/>
          <line num="9" count="7" type="stmt"/>
          <line num="10" count="6" type="stmt"/>
          <line num="12" count="6" type="stmt"/>
          <line num="13" count="6" type="stmt"/>
          <line num="15" count="6" type="cond" truecount="2" falsecount="0"/>
          <line num="17" count="5" type="cond" truecount="2" falsecount="0"/>
          <line num="19" count="4" type="stmt"/>
          <line num="25" count="4" type="stmt"/>
          <line num="26" count="4" type="stmt"/>
          <line num="28" count="1" type="stmt"/>
          <line num="30" count="2" type="stmt"/>
          <line num="34" count="7" type="stmt"/>
        </file>
        <file name="balance.js" path="C:\Dev\Fontes\seuBarriga\src\services\balance.js">
          <metrics statements="5" coveredstatements="5" conditionals="0" coveredconditionals="0" methods="2" coveredmethods="2"/>
          <line num="1" count="7" type="stmt"/>
          <line num="3" count="7" type="stmt"/>
          <line num="5" count="7" type="stmt"/>
          <line num="6" count="9" type="stmt"/>
          <line num="16" count="7" type="stmt"/>
        </file>
        <file name="transaction.js" path="C:\Dev\Fontes\seuBarriga\src\services\transaction.js">
          <metrics statements="23" coveredstatements="23" conditionals="21" coveredconditionals="21" methods="6" coveredmethods="6"/>
          <line num="1" count="7" type="stmt"/>
          <line num="3" count="7" type="stmt"/>
          <line num="5" count="7" type="stmt"/>
          <line num="6" count="7" type="stmt"/>
          <line num="8" count="7" type="cond" truecount="1" falsecount="0"/>
          <line num="9" count="5" type="stmt"/>
          <line num="16" count="7" type="stmt"/>
          <line num="17" count="3" type="stmt"/>
          <line num="20" count="7" type="stmt"/>
          <line num="22" count="16" type="cond" truecount="2" falsecount="0"/>
          <line num="23" count="15" type="cond" truecount="2" falsecount="0"/>
          <line num="24" count="14" type="cond" truecount="2" falsecount="0"/>
          <line num="25" count="13" type="cond" truecount="2" falsecount="0"/>
          <line num="26" count="12" type="cond" truecount="2" falsecount="0"/>
          <line num="27" count="11" type="cond" truecount="4" falsecount="0"/>
          <line num="29" count="10" type="cond" truecount="6" falsecount="0"/>
          <line num="30" count="5" type="stmt"/>
          <line num="32" count="10" type="stmt"/>
          <line num="35" count="7" type="stmt"/>
          <line num="36" count="1" type="stmt"/>
          <line num="39" count="7" type="stmt"/>
          <line num="40" count="1" type="stmt"/>
          <line num="43" count="7" type="stmt"/>
        </file>
        <file name="transfer.js" path="C:\Dev\Fontes\seuBarriga\src\services\transfer.js">
          <metrics statements="40" coveredstatements="40" conditionals="19" coveredconditionals="17" methods="8" coveredmethods="8"/>
          <line num="1" count="7" type="stmt"/>
          <line num="3" count="7" type="stmt"/>
          <line num="5" count="7" type="stmt"/>
          <line num="6" count="7" type="stmt"/>
          <line num="8" count="7" type="cond" truecount="0" falsecount="1"/>
          <line num="9" count="14" type="stmt"/>
          <line num="12" count="7" type="stmt"/>
          <line num="13" count="13" type="stmt"/>
          <line num="15" count="13" type="cond" truecount="1" falsecount="1"/>
          <line num="16" count="13" type="stmt"/>
          <line num="20" count="7" type="stmt"/>
          <line num="21" count="20" type="cond" truecount="2" falsecount="0"/>
          <line num="22" count="18" type="cond" truecount="2" falsecount="0"/>
          <line num="23" count="16" type="cond" truecount="2" falsecount="0"/>
          <line num="24" count="14" type="cond" truecount="2" falsecount="0"/>
          <line num="25" count="12" type="cond" truecount="2" falsecount="0"/>
          <line num="26" count="10" type="cond" truecount="2" falsecount="0"/>
          <line num="28" count="8" type="stmt"/>
          <line num="29" count="8" type="cond" truecount="2" falsecount="0"/>
          <line num="31" count="6" type="stmt"/>
          <line num="32" count="6" type="cond" truecount="2" falsecount="0"/>
          <line num="35" count="7" type="stmt"/>
          <line num="36" count="4" type="stmt"/>
          <line num="55" count="4" type="stmt"/>
          <line num="58" count="7" type="stmt"/>
          <line num="60" count="3" type="stmt"/>
          <line num="62" count="3" type="stmt"/>
          <line num="64" count="3" type="stmt"/>
          <line num="65" count="3" type="stmt"/>
          <line num="68" count="7" type="stmt"/>
          <line num="70" count="1" type="stmt"/>
          <line num="71" count="1" type="stmt"/>
          <line num="73" count="1" type="stmt"/>
          <line num="75" count="1" type="stmt"/>
          <line num="76" count="1" type="stmt"/>
          <line num="77" count="1" type="stmt"/>
          <line num="80" count="7" type="stmt"/>
          <line num="81" count="1" type="stmt"/>
          <line num="82" count="1" type="stmt"/>
          <line num="85" count="7" type="stmt"/>
        </file>
        <file name="user.js" path="C:\Dev\Fontes\seuBarriga\src\services\user.js">
          <metrics statements="24" coveredstatements="24" conditionals="8" coveredconditionals="8" methods="5" coveredmethods="5"/>
          <line num="1" count="7" type="stmt"/>
          <line num="2" count="7" type="stmt"/>
          <line num="4" count="7" type="stmt"/>
          <line num="6" count="7" type="stmt"/>
          <line num="8" count="7" type="stmt"/>
          <line num="9" count="1" type="stmt"/>
          <line num="12" count="7" type="stmt"/>
          <line num="13" count="9" type="stmt"/>
          <line num="14" count="9" type="stmt"/>
          <line num="17" count="7" type="stmt"/>
          <line num="18" count="13" type="cond" truecount="2" falsecount="0"/>
          <line num="19" count="1" type="stmt"/>
          <line num="20" count="12" type="cond" truecount="2" falsecount="0"/>
          <line num="21" count="1" type="stmt"/>
          <line num="22" count="11" type="cond" truecount="2" falsecount="0"/>
          <line num="23" count="1" type="stmt"/>
          <line num="26" count="10" type="stmt"/>
          <line num="27" count="10" type="cond" truecount="2" falsecount="0"/>
          <line num="28" count="1" type="stmt"/>
          <line num="31" count="9" type="stmt"/>
          <line num="33" count="9" type="stmt"/>
          <line num="36" count="7" type="stmt"/>
          <line num="37" count="89" type="stmt"/>
          <line num="40" count="7" type="stmt"/>
        </file>
      </package>
    </metrics>
  </project>
</coverage>
