{"C:\\Dev\\Fontes\\seuBarriga\\knexfile.js": {"path":"C:\\Dev\\Fontes\\seuBarriga\\knexfile.js","statementMap":{"0":{"start":{"line":1,"column":0},"end":{"line":19,"column":1}}},"fnMap":{},"branchMap":{},"s":{"0":7},"f":{},"b":{},"_coverageSchema":"332fd63041d2c1bcb487cc26dd0d5f7d97098a6c","hash":"7a2618f4f1b04baf46c13d8e6648e2574283a14f"}
,"C:\\Dev\\Fontes\\seuBarriga\\src\\app.js": {"path":"C:\\Dev\\Fontes\\seuBarriga\\src\\app.js","statementMap":{"0":{"start":{"line":1,"column":12},"end":{"line":1,"column":32}},"1":{"start":{"line":2,"column":16},"end":{"line":2,"column":34}},"2":{"start":{"line":3,"column":13},"end":{"line":3,"column":28}},"3":{"start":{"line":4,"column":17},"end":{"line":4,"column":39}},"4":{"start":{"line":6,"column":0},"end":{"line":6,"column":28}},"5":{"start":{"line":8,"column":0},"end":{"line":14,"column":14}},"6":{"start":{"line":16,"column":0},"end":{"line":18,"column":2}},"7":{"start":{"line":17,"column":4},"end":{"line":17,"column":27}},"8":{"start":{"line":21,"column":0},"end":{"line":31,"column":2}},"9":{"start":{"line":22,"column":35},"end":{"line":22,"column":38}},"10":{"start":{"line":23,"column":4},"end":{"line":28,"column":5}},"11":{"start":{"line":23,"column":36},"end":{"line":23,"column":75}},"12":{"start":{"line":24,"column":9},"end":{"line":28,"column":5}},"13":{"start":{"line":24,"column":46},"end":{"line":24,"column":85}},"14":{"start":{"line":26,"column":8},"end":{"line":26,"column":28}},"15":{"start":{"line":27,"column":8},"end":{"line":27,"column":53}},"16":{"start":{"line":30,"column":4},"end":{"line":30,"column":13}},"17":{"start":{"line":33,"column":0},"end":{"line":33,"column":20}}},"fnMap":{"0":{"name":"(anonymous_0)","decl":{"start":{"line":16,"column":12},"end":{"line":16,"column":13}},"loc":{"start":{"line":16,"column":27},"end":{"line":18,"column":1}},"line":16},"1":{"name":"(anonymous_1)","decl":{"start":{"line":21,"column":8},"end":{"line":21,"column":9}},"loc":{"start":{"line":21,"column":34},"end":{"line":31,"column":1}},"line":21}},"branchMap":{"0":{"loc":{"start":{"line":23,"column":4},"end":{"line":28,"column":5}},"type":"if","locations":[{"start":{"line":23,"column":4},"end":{"line":28,"column":5}},{"start":{"line":23,"column":4},"end":{"line":28,"column":5}}],"line":23},"1":{"loc":{"start":{"line":24,"column":9},"end":{"line":28,"column":5}},"type":"if","locations":[{"start":{"line":24,"column":9},"end":{"line":28,"column":5}},{"start":{"line":24,"column":9},"end":{"line":28,"column":5}}],"line":24}},"s":{"0":7,"1":7,"2":7,"3":7,"4":7,"5":7,"6":7,"7":1,"8":7,"9":36,"10":36,"11":31,"12":5,"13":5,"14":0,"15":0,"16":36,"17":7},"f":{"0":1,"1":36},"b":{"0":[31,5],"1":[5,0]},"_coverageSchema":"332fd63041d2c1bcb487cc26dd0d5f7d97098a6c","hash":"cac3719b7e34549391fed96228388ce406122fd2"}
,"C:\\Dev\\Fontes\\seuBarriga\\src\\config\\middlewares.js": {"path":"C:\\Dev\\Fontes\\seuBarriga\\src\\config\\middlewares.js","statementMap":{"0":{"start":{"line":1,"column":0},"end":{"line":9,"column":1}},"1":{"start":{"line":3,"column":23},"end":{"line":3,"column":45}},"2":{"start":{"line":4,"column":23},"end":{"line":4,"column":45}},"3":{"start":{"line":6,"column":4},"end":{"line":6,"column":30}}},"fnMap":{"0":{"name":"(anonymous_0)","decl":{"start":{"line":1,"column":17},"end":{"line":1,"column":18}},"loc":{"start":{"line":1,"column":24},"end":{"line":9,"column":1}},"line":1}},"branchMap":{},"s":{"0":7,"1":7,"2":7,"3":7},"f":{"0":7},"b":{},"_coverageSchema":"332fd63041d2c1bcb487cc26dd0d5f7d97098a6c","hash":"b40e361ad6c7d5b26253e46a147d92e6d232c56b"}
,"C:\\Dev\\Fontes\\seuBarriga\\src\\config\\passport.js": {"path":"C:\\Dev\\Fontes\\seuBarriga\\src\\config\\passport.js","statementMap":{"0":{"start":{"line":1,"column":17},"end":{"line":1,"column":36}},"1":{"start":{"line":2,"column":20},"end":{"line":2,"column":43}},"2":{"start":{"line":4,"column":15},"end":{"line":4,"column":24}},"3":{"start":{"line":6,"column":33},"end":{"line":6,"column":44}},"4":{"start":{"line":8,"column":0},"end":{"line":29,"column":1}},"5":{"start":{"line":9,"column":19},"end":{"line":12,"column":5}},"6":{"start":{"line":14,"column":21},"end":{"line":22,"column":6}},"7":{"start":{"line":15,"column":8},"end":{"line":21,"column":41}},"8":{"start":{"line":16,"column":12},"end":{"line":20,"column":13}},"9":{"start":{"line":17,"column":16},"end":{"line":17,"column":40}},"10":{"start":{"line":19,"column":16},"end":{"line":19,"column":33}},"11":{"start":{"line":21,"column":24},"end":{"line":21,"column":40}},"12":{"start":{"line":24,"column":4},"end":{"line":24,"column":26}},"13":{"start":{"line":26,"column":4},"end":{"line":28,"column":5}},"14":{"start":{"line":27,"column":28},"end":{"line":27,"column":74}}},"fnMap":{"0":{"name":"(anonymous_0)","decl":{"start":{"line":8,"column":17},"end":{"line":8,"column":18}},"loc":{"start":{"line":8,"column":26},"end":{"line":29,"column":1}},"line":8},"1":{"name":"(anonymous_1)","decl":{"start":{"line":14,"column":42},"end":{"line":14,"column":43}},"loc":{"start":{"line":14,"column":61},"end":{"line":22,"column":5}},"line":14},"2":{"name":"(anonymous_2)","decl":{"start":{"line":15,"column":57},"end":{"line":15,"column":58}},"loc":{"start":{"line":15,"column":65},"end":{"line":21,"column":9}},"line":15},"3":{"name":"(anonymous_3)","decl":{"start":{"line":21,"column":17},"end":{"line":21,"column":18}},"loc":{"start":{"line":21,"column":24},"end":{"line":21,"column":40}},"line":21},"4":{"name":"(anonymous_4)","decl":{"start":{"line":27,"column":22},"end":{"line":27,"column":23}},"loc":{"start":{"line":27,"column":28},"end":{"line":27,"column":74}},"line":27}},"branchMap":{"0":{"loc":{"start":{"line":16,"column":12},"end":{"line":20,"column":13}},"type":"if","locations":[{"start":{"line":16,"column":12},"end":{"line":20,"column":13}},{"start":{"line":16,"column":12},"end":{"line":20,"column":13}}],"line":16}},"s":{"0":7,"1":7,"2":7,"3":7,"4":7,"5":7,"6":7,"7":72,"8":72,"9":72,"10":0,"11":0,"12":7,"13":7,"14":7},"f":{"0":7,"1":72,"2":72,"3":0,"4":7},"b":{"0":[72,0]},"_coverageSchema":"332fd63041d2c1bcb487cc26dd0d5f7d97098a6c","hash":"072615f072d23b6ebcb1bc29a1817f4639aa1a59"}
,"C:\\Dev\\Fontes\\seuBarriga\\src\\config\\router.js": {"path":"C:\\Dev\\Fontes\\seuBarriga\\src\\config\\router.js","statementMap":{"0":{"start":{"line":1,"column":16},"end":{"line":1,"column":34}},"1":{"start":{"line":3,"column":0},"end":{"line":15,"column":1}},"2":{"start":{"line":4,"column":4},"end":{"line":4,"column":36}},"3":{"start":{"line":6,"column":28},"end":{"line":6,"column":44}},"4":{"start":{"line":8,"column":4},"end":{"line":8,"column":50}},"5":{"start":{"line":9,"column":4},"end":{"line":9,"column":56}},"6":{"start":{"line":10,"column":4},"end":{"line":10,"column":65}},"7":{"start":{"line":11,"column":4},"end":{"line":11,"column":59}},"8":{"start":{"line":12,"column":4},"end":{"line":12,"column":55}},"9":{"start":{"line":14,"column":4},"end":{"line":14,"column":71}}},"fnMap":{"0":{"name":"(anonymous_0)","decl":{"start":{"line":3,"column":17},"end":{"line":3,"column":18}},"loc":{"start":{"line":3,"column":26},"end":{"line":15,"column":1}},"line":3}},"branchMap":{},"s":{"0":7,"1":7,"2":7,"3":7,"4":7,"5":7,"6":7,"7":7,"8":7,"9":7},"f":{"0":7},"b":{},"_coverageSchema":"332fd63041d2c1bcb487cc26dd0d5f7d97098a6c","hash":"5f8717ad05bf274a1b7564d9b613af2e43289f76"}
,"C:\\Dev\\Fontes\\seuBarriga\\src\\errors\\recursoIndevidoError.js": {"path":"C:\\Dev\\Fontes\\seuBarriga\\src\\errors\\recursoIndevidoError.js","statementMap":{"0":{"start":{"line":1,"column":0},"end":{"line":4,"column":1}},"1":{"start":{"line":2,"column":4},"end":{"line":2,"column":38}},"2":{"start":{"line":3,"column":4},"end":{"line":3,"column":26}}},"fnMap":{"0":{"name":"RecursoIndevidoError","decl":{"start":{"line":1,"column":26},"end":{"line":1,"column":46}},"loc":{"start":{"line":1,"column":90},"end":{"line":4,"column":1}},"line":1}},"branchMap":{"0":{"loc":{"start":{"line":1,"column":47},"end":{"line":1,"column":89}},"type":"default-arg","locations":[{"start":{"line":1,"column":56},"end":{"line":1,"column":89}}],"line":1}},"s":{"0":7,"1":5,"2":5},"f":{"0":5},"b":{"0":[5]},"_coverageSchema":"332fd63041d2c1bcb487cc26dd0d5f7d97098a6c","hash":"b734d52194bed8bbf91ee4a6686747d4ef827e06"}
,"C:\\Dev\\Fontes\\seuBarriga\\src\\errors\\validationError.js": {"path":"C:\\Dev\\Fontes\\seuBarriga\\src\\errors\\validationError.js","statementMap":{"0":{"start":{"line":1,"column":0},"end":{"line":4,"column":1}},"1":{"start":{"line":2,"column":4},"end":{"line":2,"column":33}},"2":{"start":{"line":3,"column":4},"end":{"line":3,"column":26}}},"fnMap":{"0":{"name":"ValidationError","decl":{"start":{"line":1,"column":26},"end":{"line":1,"column":41}},"loc":{"start":{"line":1,"column":50},"end":{"line":4,"column":1}},"line":1}},"branchMap":{},"s":{"0":7,"1":31,"2":31},"f":{"0":31},"b":{},"_coverageSchema":"332fd63041d2c1bcb487cc26dd0d5f7d97098a6c","hash":"8e38d652464ee62da91ae24bd72ae963a36466e4"}
,"C:\\Dev\\Fontes\\seuBarriga\\src\\routes\\accounts.js": {"path":"C:\\Dev\\Fontes\\seuBarriga\\src\\routes\\accounts.js","statementMap":{"0":{"start":{"line":1,"column":16},"end":{"line":1,"column":34}},"1":{"start":{"line":2,"column":29},"end":{"line":2,"column":70}},"2":{"start":{"line":4,"column":0},"end":{"line":50,"column":1}},"3":{"start":{"line":6,"column":19},"end":{"line":6,"column":35}},"4":{"start":{"line":9,"column":4},"end":{"line":17,"column":6}},"5":{"start":{"line":10,"column":8},"end":{"line":16,"column":34}},"6":{"start":{"line":11,"column":12},"end":{"line":15,"column":13}},"7":{"start":{"line":12,"column":16},"end":{"line":12,"column":48}},"8":{"start":{"line":14,"column":16},"end":{"line":14,"column":22}},"9":{"start":{"line":16,"column":24},"end":{"line":16,"column":33}},"10":{"start":{"line":19,"column":4},"end":{"line":23,"column":6}},"11":{"start":{"line":20,"column":8},"end":{"line":22,"column":34}},"12":{"start":{"line":21,"column":12},"end":{"line":21,"column":41}},"13":{"start":{"line":22,"column":24},"end":{"line":22,"column":33}},"14":{"start":{"line":25,"column":4},"end":{"line":29,"column":6}},"15":{"start":{"line":26,"column":8},"end":{"line":28,"column":34}},"16":{"start":{"line":27,"column":12},"end":{"line":27,"column":44}},"17":{"start":{"line":28,"column":24},"end":{"line":28,"column":33}},"18":{"start":{"line":31,"column":4},"end":{"line":35,"column":6}},"19":{"start":{"line":32,"column":8},"end":{"line":34,"column":36}},"20":{"start":{"line":33,"column":12},"end":{"line":33,"column":41}},"21":{"start":{"line":34,"column":25},"end":{"line":34,"column":34}},"22":{"start":{"line":37,"column":4},"end":{"line":41,"column":6}},"23":{"start":{"line":38,"column":8},"end":{"line":40,"column":34}},"24":{"start":{"line":39,"column":12},"end":{"line":39,"column":44}},"25":{"start":{"line":40,"column":24},"end":{"line":40,"column":33}},"26":{"start":{"line":43,"column":4},"end":{"line":47,"column":6}},"27":{"start":{"line":44,"column":8},"end":{"line":46,"column":34}},"28":{"start":{"line":45,"column":12},"end":{"line":45,"column":35}},"29":{"start":{"line":46,"column":24},"end":{"line":46,"column":33}},"30":{"start":{"line":49,"column":4},"end":{"line":49,"column":17}}},"fnMap":{"0":{"name":"(anonymous_0)","decl":{"start":{"line":4,"column":17},"end":{"line":4,"column":18}},"loc":{"start":{"line":4,"column":26},"end":{"line":50,"column":1}},"line":4},"1":{"name":"(anonymous_1)","decl":{"start":{"line":9,"column":23},"end":{"line":9,"column":24}},"loc":{"start":{"line":9,"column":43},"end":{"line":17,"column":5}},"line":9},"2":{"name":"(anonymous_2)","decl":{"start":{"line":10,"column":60},"end":{"line":10,"column":61}},"loc":{"start":{"line":10,"column":70},"end":{"line":16,"column":9}},"line":10},"3":{"name":"(anonymous_3)","decl":{"start":{"line":16,"column":17},"end":{"line":16,"column":18}},"loc":{"start":{"line":16,"column":24},"end":{"line":16,"column":33}},"line":16},"4":{"name":"(anonymous_4)","decl":{"start":{"line":19,"column":20},"end":{"line":19,"column":21}},"loc":{"start":{"line":19,"column":39},"end":{"line":23,"column":5}},"line":19},"5":{"name":"(anonymous_5)","decl":{"start":{"line":20,"column":55},"end":{"line":20,"column":56}},"loc":{"start":{"line":20,"column":65},"end":{"line":22,"column":9}},"line":20},"6":{"name":"(anonymous_6)","decl":{"start":{"line":22,"column":17},"end":{"line":22,"column":18}},"loc":{"start":{"line":22,"column":24},"end":{"line":22,"column":33}},"line":22},"7":{"name":"(anonymous_7)","decl":{"start":{"line":25,"column":21},"end":{"line":25,"column":22}},"loc":{"start":{"line":25,"column":40},"end":{"line":29,"column":5}},"line":25},"8":{"name":"(anonymous_8)","decl":{"start":{"line":26,"column":76},"end":{"line":26,"column":77}},"loc":{"start":{"line":26,"column":86},"end":{"line":28,"column":9}},"line":26},"9":{"name":"(anonymous_9)","decl":{"start":{"line":28,"column":17},"end":{"line":28,"column":18}},"loc":{"start":{"line":28,"column":24},"end":{"line":28,"column":33}},"line":28},"10":{"name":"(anonymous_10)","decl":{"start":{"line":31,"column":23},"end":{"line":31,"column":24}},"loc":{"start":{"line":31,"column":42},"end":{"line":35,"column":5}},"line":31},"11":{"name":"(anonymous_11)","decl":{"start":{"line":32,"column":60},"end":{"line":32,"column":61}},"loc":{"start":{"line":32,"column":70},"end":{"line":34,"column":9}},"line":32},"12":{"name":"(anonymous_12)","decl":{"start":{"line":34,"column":17},"end":{"line":34,"column":18}},"loc":{"start":{"line":34,"column":24},"end":{"line":34,"column":35}},"line":34},"13":{"name":"(anonymous_13)","decl":{"start":{"line":37,"column":23},"end":{"line":37,"column":24}},"loc":{"start":{"line":37,"column":42},"end":{"line":41,"column":5}},"line":37},"14":{"name":"(anonymous_14)","decl":{"start":{"line":38,"column":66},"end":{"line":38,"column":67}},"loc":{"start":{"line":38,"column":76},"end":{"line":40,"column":9}},"line":38},"15":{"name":"(anonymous_15)","decl":{"start":{"line":40,"column":17},"end":{"line":40,"column":18}},"loc":{"start":{"line":40,"column":24},"end":{"line":40,"column":33}},"line":40},"16":{"name":"(anonymous_16)","decl":{"start":{"line":43,"column":26},"end":{"line":43,"column":27}},"loc":{"start":{"line":43,"column":45},"end":{"line":47,"column":5}},"line":43},"17":{"name":"(anonymous_17)","decl":{"start":{"line":44,"column":56},"end":{"line":44,"column":57}},"loc":{"start":{"line":44,"column":62},"end":{"line":46,"column":9}},"line":44},"18":{"name":"(anonymous_18)","decl":{"start":{"line":46,"column":17},"end":{"line":46,"column":18}},"loc":{"start":{"line":46,"column":24},"end":{"line":46,"column":33}},"line":46}},"branchMap":{"0":{"loc":{"start":{"line":11,"column":12},"end":{"line":15,"column":13}},"type":"if","locations":[{"start":{"line":11,"column":12},"end":{"line":15,"column":13}},{"start":{"line":11,"column":12},"end":{"line":15,"column":13}}],"line":11}},"s":{"0":7,"1":7,"2":7,"3":7,"4":7,"5":7,"6":7,"7":3,"8":4,"9":3,"10":7,"11":1,"12":1,"13":0,"14":7,"15":3,"16":1,"17":2,"18":7,"19":1,"20":1,"21":0,"22":7,"23":1,"24":1,"25":0,"26":7,"27":2,"28":1,"29":1,"30":7},"f":{"0":7,"1":7,"2":7,"3":3,"4":1,"5":1,"6":0,"7":3,"8":1,"9":2,"10":1,"11":1,"12":0,"13":1,"14":1,"15":0,"16":2,"17":1,"18":1},"b":{"0":[3,4]},"_coverageSchema":"332fd63041d2c1bcb487cc26dd0d5f7d97098a6c","hash":"d00669574bccbb7cd69965015112bb0f57398cfd"}
,"C:\\Dev\\Fontes\\seuBarriga\\src\\routes\\auth.js": {"path":"C:\\Dev\\Fontes\\seuBarriga\\src\\routes\\auth.js","statementMap":{"0":{"start":{"line":1,"column":16},"end":{"line":1,"column":34}},"1":{"start":{"line":3,"column":0},"end":{"line":21,"column":1}},"2":{"start":{"line":5,"column":19},"end":{"line":5,"column":35}},"3":{"start":{"line":7,"column":4},"end":{"line":12,"column":6}},"4":{"start":{"line":9,"column":8},"end":{"line":11,"column":34}},"5":{"start":{"line":10,"column":12},"end":{"line":10,"column":41}},"6":{"start":{"line":11,"column":24},"end":{"line":11,"column":33}},"7":{"start":{"line":14,"column":4},"end":{"line":18,"column":6}},"8":{"start":{"line":15,"column":8},"end":{"line":17,"column":34}},"9":{"start":{"line":16,"column":12},"end":{"line":16,"column":44}},"10":{"start":{"line":17,"column":24},"end":{"line":17,"column":33}},"11":{"start":{"line":20,"column":4},"end":{"line":20,"column":17}}},"fnMap":{"0":{"name":"(anonymous_0)","decl":{"start":{"line":3,"column":17},"end":{"line":3,"column":18}},"loc":{"start":{"line":3,"column":26},"end":{"line":21,"column":1}},"line":3},"1":{"name":"(anonymous_1)","decl":{"start":{"line":7,"column":27},"end":{"line":7,"column":28}},"loc":{"start":{"line":7,"column":48},"end":{"line":12,"column":5}},"line":7},"2":{"name":"(anonymous_2)","decl":{"start":{"line":9,"column":55},"end":{"line":9,"column":56}},"loc":{"start":{"line":9,"column":65},"end":{"line":11,"column":9}},"line":9},"3":{"name":"(anonymous_3)","decl":{"start":{"line":11,"column":17},"end":{"line":11,"column":18}},"loc":{"start":{"line":11,"column":24},"end":{"line":11,"column":33}},"line":11},"4":{"name":"(anonymous_4)","decl":{"start":{"line":14,"column":27},"end":{"line":14,"column":28}},"loc":{"start":{"line":14,"column":48},"end":{"line":18,"column":5}},"line":14},"5":{"name":"(anonymous_5)","decl":{"start":{"line":15,"column":46},"end":{"line":15,"column":47}},"loc":{"start":{"line":15,"column":56},"end":{"line":17,"column":9}},"line":15},"6":{"name":"(anonymous_6)","decl":{"start":{"line":17,"column":17},"end":{"line":17,"column":18}},"loc":{"start":{"line":17,"column":24},"end":{"line":17,"column":33}},"line":17}},"branchMap":{},"s":{"0":7,"1":7,"2":7,"3":7,"4":3,"5":1,"6":2,"7":7,"8":1,"9":1,"10":0,"11":7},"f":{"0":7,"1":3,"2":1,"3":2,"4":1,"5":1,"6":0},"b":{},"_coverageSchema":"332fd63041d2c1bcb487cc26dd0d5f7d97098a6c","hash":"631f9b66fb61cf3215ea8d902ab9af9157280878"}
,"C:\\Dev\\Fontes\\seuBarriga\\src\\routes\\balance.js": {"path":"C:\\Dev\\Fontes\\seuBarriga\\src\\routes\\balance.js","statementMap":{"0":{"start":{"line":1,"column":16},"end":{"line":1,"column":34}},"1":{"start":{"line":3,"column":0},"end":{"line":14,"column":1}},"2":{"start":{"line":5,"column":19},"end":{"line":5,"column":35}},"3":{"start":{"line":7,"column":4},"end":{"line":11,"column":6}},"4":{"start":{"line":8,"column":8},"end":{"line":10,"column":34}},"5":{"start":{"line":9,"column":12},"end":{"line":9,"column":41}},"6":{"start":{"line":10,"column":24},"end":{"line":10,"column":33}},"7":{"start":{"line":13,"column":4},"end":{"line":13,"column":17}}},"fnMap":{"0":{"name":"(anonymous_0)","decl":{"start":{"line":3,"column":17},"end":{"line":3,"column":18}},"loc":{"start":{"line":3,"column":26},"end":{"line":14,"column":1}},"line":3},"1":{"name":"(anonymous_1)","decl":{"start":{"line":7,"column":20},"end":{"line":7,"column":21}},"loc":{"start":{"line":7,"column":39},"end":{"line":11,"column":5}},"line":7},"2":{"name":"(anonymous_2)","decl":{"start":{"line":8,"column":56},"end":{"line":8,"column":57}},"loc":{"start":{"line":8,"column":66},"end":{"line":10,"column":9}},"line":8},"3":{"name":"(anonymous_3)","decl":{"start":{"line":10,"column":17},"end":{"line":10,"column":18}},"loc":{"start":{"line":10,"column":24},"end":{"line":10,"column":33}},"line":10}},"branchMap":{},"s":{"0":7,"1":7,"2":7,"3":7,"4":9,"5":9,"6":0,"7":7},"f":{"0":7,"1":9,"2":9,"3":0},"b":{},"_coverageSchema":"332fd63041d2c1bcb487cc26dd0d5f7d97098a6c","hash":"015ad0a2a93dbffb2d3021cdb9a9297485be7880"}
,"C:\\Dev\\Fontes\\seuBarriga\\src\\routes\\transactions.js": {"path":"C:\\Dev\\Fontes\\seuBarriga\\src\\routes\\transactions.js","statementMap":{"0":{"start":{"line":1,"column":16},"end":{"line":1,"column":34}},"1":{"start":{"line":2,"column":29},"end":{"line":2,"column":70}},"2":{"start":{"line":4,"column":0},"end":{"line":50,"column":1}},"3":{"start":{"line":6,"column":19},"end":{"line":6,"column":35}},"4":{"start":{"line":9,"column":4},"end":{"line":17,"column":6}},"5":{"start":{"line":10,"column":8},"end":{"line":16,"column":34}},"6":{"start":{"line":11,"column":12},"end":{"line":15,"column":13}},"7":{"start":{"line":12,"column":16},"end":{"line":12,"column":48}},"8":{"start":{"line":14,"column":16},"end":{"line":14,"column":22}},"9":{"start":{"line":16,"column":24},"end":{"line":16,"column":33}},"10":{"start":{"line":19,"column":4},"end":{"line":23,"column":6}},"11":{"start":{"line":20,"column":8},"end":{"line":22,"column":34}},"12":{"start":{"line":21,"column":12},"end":{"line":21,"column":41}},"13":{"start":{"line":22,"column":24},"end":{"line":22,"column":33}},"14":{"start":{"line":25,"column":4},"end":{"line":29,"column":6}},"15":{"start":{"line":26,"column":8},"end":{"line":28,"column":34}},"16":{"start":{"line":27,"column":12},"end":{"line":27,"column":44}},"17":{"start":{"line":28,"column":24},"end":{"line":28,"column":33}},"18":{"start":{"line":31,"column":4},"end":{"line":35,"column":6}},"19":{"start":{"line":32,"column":8},"end":{"line":34,"column":34}},"20":{"start":{"line":33,"column":12},"end":{"line":33,"column":41}},"21":{"start":{"line":34,"column":24},"end":{"line":34,"column":33}},"22":{"start":{"line":37,"column":4},"end":{"line":41,"column":6}},"23":{"start":{"line":38,"column":8},"end":{"line":40,"column":34}},"24":{"start":{"line":39,"column":12},"end":{"line":39,"column":44}},"25":{"start":{"line":40,"column":24},"end":{"line":40,"column":33}},"26":{"start":{"line":43,"column":4},"end":{"line":47,"column":6}},"27":{"start":{"line":44,"column":8},"end":{"line":46,"column":34}},"28":{"start":{"line":45,"column":12},"end":{"line":45,"column":35}},"29":{"start":{"line":46,"column":24},"end":{"line":46,"column":33}},"30":{"start":{"line":49,"column":4},"end":{"line":49,"column":17}}},"fnMap":{"0":{"name":"(anonymous_0)","decl":{"start":{"line":4,"column":17},"end":{"line":4,"column":18}},"loc":{"start":{"line":4,"column":26},"end":{"line":50,"column":1}},"line":4},"1":{"name":"(anonymous_1)","decl":{"start":{"line":9,"column":23},"end":{"line":9,"column":24}},"loc":{"start":{"line":9,"column":44},"end":{"line":17,"column":5}},"line":9},"2":{"name":"(anonymous_2)","decl":{"start":{"line":10,"column":92},"end":{"line":10,"column":93}},"loc":{"start":{"line":10,"column":102},"end":{"line":16,"column":9}},"line":10},"3":{"name":"(anonymous_3)","decl":{"start":{"line":16,"column":17},"end":{"line":16,"column":18}},"loc":{"start":{"line":16,"column":24},"end":{"line":16,"column":33}},"line":16},"4":{"name":"(anonymous_4)","decl":{"start":{"line":19,"column":21},"end":{"line":19,"column":22}},"loc":{"start":{"line":19,"column":40},"end":{"line":23,"column":5}},"line":19},"5":{"name":"(anonymous_5)","decl":{"start":{"line":20,"column":56},"end":{"line":20,"column":57}},"loc":{"start":{"line":20,"column":66},"end":{"line":22,"column":9}},"line":20},"6":{"name":"(anonymous_6)","decl":{"start":{"line":22,"column":17},"end":{"line":22,"column":18}},"loc":{"start":{"line":22,"column":24},"end":{"line":22,"column":33}},"line":22},"7":{"name":"(anonymous_7)","decl":{"start":{"line":25,"column":21},"end":{"line":25,"column":22}},"loc":{"start":{"line":25,"column":40},"end":{"line":29,"column":5}},"line":25},"8":{"name":"(anonymous_8)","decl":{"start":{"line":26,"column":53},"end":{"line":26,"column":54}},"loc":{"start":{"line":26,"column":63},"end":{"line":28,"column":9}},"line":26},"9":{"name":"(anonymous_9)","decl":{"start":{"line":28,"column":17},"end":{"line":28,"column":18}},"loc":{"start":{"line":28,"column":24},"end":{"line":28,"column":33}},"line":28},"10":{"name":"(anonymous_10)","decl":{"start":{"line":31,"column":23},"end":{"line":31,"column":24}},"loc":{"start":{"line":31,"column":42},"end":{"line":35,"column":5}},"line":31},"11":{"name":"(anonymous_11)","decl":{"start":{"line":32,"column":67},"end":{"line":32,"column":68}},"loc":{"start":{"line":32,"column":77},"end":{"line":34,"column":9}},"line":32},"12":{"name":"(anonymous_12)","decl":{"start":{"line":34,"column":17},"end":{"line":34,"column":18}},"loc":{"start":{"line":34,"column":24},"end":{"line":34,"column":33}},"line":34},"13":{"name":"(anonymous_13)","decl":{"start":{"line":37,"column":23},"end":{"line":37,"column":24}},"loc":{"start":{"line":37,"column":44},"end":{"line":41,"column":5}},"line":37},"14":{"name":"(anonymous_14)","decl":{"start":{"line":38,"column":70},"end":{"line":38,"column":71}},"loc":{"start":{"line":38,"column":80},"end":{"line":40,"column":9}},"line":38},"15":{"name":"(anonymous_15)","decl":{"start":{"line":40,"column":17},"end":{"line":40,"column":18}},"loc":{"start":{"line":40,"column":24},"end":{"line":40,"column":33}},"line":40},"16":{"name":"(anonymous_16)","decl":{"start":{"line":43,"column":26},"end":{"line":43,"column":27}},"loc":{"start":{"line":43,"column":47},"end":{"line":47,"column":5}},"line":43},"17":{"name":"(anonymous_17)","decl":{"start":{"line":44,"column":60},"end":{"line":44,"column":61}},"loc":{"start":{"line":44,"column":70},"end":{"line":46,"column":9}},"line":44},"18":{"name":"(anonymous_18)","decl":{"start":{"line":46,"column":17},"end":{"line":46,"column":18}},"loc":{"start":{"line":46,"column":24},"end":{"line":46,"column":33}},"line":46}},"branchMap":{"0":{"loc":{"start":{"line":11,"column":12},"end":{"line":15,"column":13}},"type":"if","locations":[{"start":{"line":11,"column":12},"end":{"line":15,"column":13}},{"start":{"line":11,"column":12},"end":{"line":15,"column":13}}],"line":11}},"s":{"0":7,"1":7,"2":7,"3":7,"4":7,"5":4,"6":4,"7":1,"8":3,"9":1,"10":7,"11":1,"12":1,"13":0,"14":7,"15":16,"16":10,"17":0,"18":7,"19":1,"20":1,"21":0,"22":7,"23":1,"24":1,"25":0,"26":7,"27":1,"28":1,"29":0,"30":7},"f":{"0":7,"1":4,"2":4,"3":1,"4":1,"5":1,"6":0,"7":16,"8":10,"9":0,"10":1,"11":1,"12":0,"13":1,"14":1,"15":0,"16":1,"17":1,"18":0},"b":{"0":[1,3]},"_coverageSchema":"332fd63041d2c1bcb487cc26dd0d5f7d97098a6c","hash":"6bb6763edb7116a07a9f5a15c672a3467354c1b6"}
,"C:\\Dev\\Fontes\\seuBarriga\\src\\routes\\transfers.js": {"path":"C:\\Dev\\Fontes\\seuBarriga\\src\\routes\\transfers.js","statementMap":{"0":{"start":{"line":1,"column":16},"end":{"line":1,"column":34}},"1":{"start":{"line":2,"column":29},"end":{"line":2,"column":70}},"2":{"start":{"line":4,"column":0},"end":{"line":56,"column":1}},"3":{"start":{"line":5,"column":19},"end":{"line":5,"column":35}},"4":{"start":{"line":7,"column":22},"end":{"line":11,"column":5}},"5":{"start":{"line":8,"column":8},"end":{"line":10,"column":36}},"6":{"start":{"line":9,"column":24},"end":{"line":9,"column":30}},"7":{"start":{"line":10,"column":26},"end":{"line":10,"column":35}},"8":{"start":{"line":13,"column":4},"end":{"line":21,"column":6}},"9":{"start":{"line":14,"column":8},"end":{"line":20,"column":34}},"10":{"start":{"line":15,"column":12},"end":{"line":19,"column":13}},"11":{"start":{"line":16,"column":16},"end":{"line":16,"column":48}},"12":{"start":{"line":18,"column":16},"end":{"line":18,"column":22}},"13":{"start":{"line":20,"column":24},"end":{"line":20,"column":33}},"14":{"start":{"line":23,"column":4},"end":{"line":27,"column":6}},"15":{"start":{"line":24,"column":8},"end":{"line":26,"column":34}},"16":{"start":{"line":25,"column":12},"end":{"line":25,"column":41}},"17":{"start":{"line":26,"column":24},"end":{"line":26,"column":33}},"18":{"start":{"line":29,"column":4},"end":{"line":34,"column":6}},"19":{"start":{"line":30,"column":25},"end":{"line":30,"column":60}},"20":{"start":{"line":31,"column":8},"end":{"line":33,"column":34}},"21":{"start":{"line":32,"column":12},"end":{"line":32,"column":44}},"22":{"start":{"line":33,"column":24},"end":{"line":33,"column":33}},"23":{"start":{"line":36,"column":4},"end":{"line":40,"column":6}},"24":{"start":{"line":37,"column":8},"end":{"line":39,"column":34}},"25":{"start":{"line":38,"column":12},"end":{"line":38,"column":41}},"26":{"start":{"line":39,"column":24},"end":{"line":39,"column":33}},"27":{"start":{"line":42,"column":4},"end":{"line":47,"column":6}},"28":{"start":{"line":43,"column":25},"end":{"line":43,"column":60}},"29":{"start":{"line":44,"column":8},"end":{"line":46,"column":34}},"30":{"start":{"line":45,"column":12},"end":{"line":45,"column":44}},"31":{"start":{"line":46,"column":24},"end":{"line":46,"column":33}},"32":{"start":{"line":49,"column":4},"end":{"line":53,"column":6}},"33":{"start":{"line":50,"column":8},"end":{"line":52,"column":10}},"34":{"start":{"line":51,"column":12},"end":{"line":51,"column":35}},"35":{"start":{"line":55,"column":4},"end":{"line":55,"column":17}}},"fnMap":{"0":{"name":"(anonymous_0)","decl":{"start":{"line":4,"column":17},"end":{"line":4,"column":18}},"loc":{"start":{"line":4,"column":26},"end":{"line":56,"column":1}},"line":4},"1":{"name":"(anonymous_1)","decl":{"start":{"line":7,"column":22},"end":{"line":7,"column":23}},"loc":{"start":{"line":7,"column":43},"end":{"line":11,"column":5}},"line":7},"2":{"name":"(anonymous_2)","decl":{"start":{"line":9,"column":18},"end":{"line":9,"column":19}},"loc":{"start":{"line":9,"column":24},"end":{"line":9,"column":30}},"line":9},"3":{"name":"(anonymous_3)","decl":{"start":{"line":10,"column":19},"end":{"line":10,"column":20}},"loc":{"start":{"line":10,"column":26},"end":{"line":10,"column":35}},"line":10},"4":{"name":"(anonymous_4)","decl":{"start":{"line":13,"column":23},"end":{"line":13,"column":24}},"loc":{"start":{"line":13,"column":44},"end":{"line":21,"column":5}},"line":13},"5":{"name":"(anonymous_5)","decl":{"start":{"line":14,"column":66},"end":{"line":14,"column":67}},"loc":{"start":{"line":14,"column":76},"end":{"line":20,"column":9}},"line":14},"6":{"name":"(anonymous_6)","decl":{"start":{"line":20,"column":17},"end":{"line":20,"column":18}},"loc":{"start":{"line":20,"column":24},"end":{"line":20,"column":33}},"line":20},"7":{"name":"(anonymous_7)","decl":{"start":{"line":23,"column":20},"end":{"line":23,"column":21}},"loc":{"start":{"line":23,"column":41},"end":{"line":27,"column":5}},"line":23},"8":{"name":"(anonymous_8)","decl":{"start":{"line":24,"column":64},"end":{"line":24,"column":65}},"loc":{"start":{"line":24,"column":74},"end":{"line":26,"column":9}},"line":24},"9":{"name":"(anonymous_9)","decl":{"start":{"line":26,"column":17},"end":{"line":26,"column":18}},"loc":{"start":{"line":26,"column":24},"end":{"line":26,"column":33}},"line":26},"10":{"name":"(anonymous_10)","decl":{"start":{"line":29,"column":32},"end":{"line":29,"column":33}},"loc":{"start":{"line":29,"column":51},"end":{"line":34,"column":5}},"line":29},"11":{"name":"(anonymous_11)","decl":{"start":{"line":31,"column":50},"end":{"line":31,"column":51}},"loc":{"start":{"line":31,"column":60},"end":{"line":33,"column":9}},"line":31},"12":{"name":"(anonymous_12)","decl":{"start":{"line":33,"column":17},"end":{"line":33,"column":18}},"loc":{"start":{"line":33,"column":24},"end":{"line":33,"column":33}},"line":33},"13":{"name":"(anonymous_13)","decl":{"start":{"line":36,"column":23},"end":{"line":36,"column":24}},"loc":{"start":{"line":36,"column":42},"end":{"line":40,"column":5}},"line":36},"14":{"name":"(anonymous_14)","decl":{"start":{"line":37,"column":64},"end":{"line":37,"column":65}},"loc":{"start":{"line":37,"column":74},"end":{"line":39,"column":9}},"line":37},"15":{"name":"(anonymous_15)","decl":{"start":{"line":39,"column":17},"end":{"line":39,"column":18}},"loc":{"start":{"line":39,"column":24},"end":{"line":39,"column":33}},"line":39},"16":{"name":"(anonymous_16)","decl":{"start":{"line":42,"column":34},"end":{"line":42,"column":35}},"loc":{"start":{"line":42,"column":53},"end":{"line":47,"column":5}},"line":42},"17":{"name":"(anonymous_17)","decl":{"start":{"line":44,"column":67},"end":{"line":44,"column":68}},"loc":{"start":{"line":44,"column":77},"end":{"line":46,"column":9}},"line":44},"18":{"name":"(anonymous_18)","decl":{"start":{"line":46,"column":17},"end":{"line":46,"column":18}},"loc":{"start":{"line":46,"column":24},"end":{"line":46,"column":33}},"line":46},"19":{"name":"(anonymous_19)","decl":{"start":{"line":49,"column":26},"end":{"line":49,"column":27}},"loc":{"start":{"line":49,"column":45},"end":{"line":53,"column":5}},"line":49},"20":{"name":"(anonymous_20)","decl":{"start":{"line":50,"column":57},"end":{"line":50,"column":58}},"loc":{"start":{"line":50,"column":67},"end":{"line":52,"column":9}},"line":50}},"branchMap":{"0":{"loc":{"start":{"line":15,"column":12},"end":{"line":19,"column":13}},"type":"if","locations":[{"start":{"line":15,"column":12},"end":{"line":19,"column":13}},{"start":{"line":15,"column":12},"end":{"line":19,"column":13}}],"line":15}},"s":{"0":7,"1":7,"2":7,"3":7,"4":7,"5":20,"6":4,"7":16,"8":7,"9":12,"10":12,"11":1,"12":11,"13":1,"14":7,"15":1,"16":1,"17":0,"18":7,"19":3,"20":3,"21":3,"22":0,"23":7,"24":1,"25":1,"26":0,"27":7,"28":1,"29":1,"30":1,"31":0,"32":7,"33":1,"34":1,"35":7},"f":{"0":7,"1":20,"2":4,"3":16,"4":12,"5":12,"6":1,"7":1,"8":1,"9":0,"10":3,"11":3,"12":0,"13":1,"14":1,"15":0,"16":1,"17":1,"18":0,"19":1,"20":1},"b":{"0":[1,11]},"_coverageSchema":"332fd63041d2c1bcb487cc26dd0d5f7d97098a6c","hash":"b3f6dd5423e2f228ef1a1a48a4d915e685ead3fb"}
,"C:\\Dev\\Fontes\\seuBarriga\\src\\routes\\users.js": {"path":"C:\\Dev\\Fontes\\seuBarriga\\src\\routes\\users.js","statementMap":{"0":{"start":{"line":1,"column":16},"end":{"line":1,"column":34}},"1":{"start":{"line":3,"column":0},"end":{"line":20,"column":1}},"2":{"start":{"line":5,"column":19},"end":{"line":5,"column":35}},"3":{"start":{"line":7,"column":4},"end":{"line":11,"column":6}},"4":{"start":{"line":8,"column":8},"end":{"line":10,"column":34}},"5":{"start":{"line":9,"column":12},"end":{"line":9,"column":41}},"6":{"start":{"line":10,"column":24},"end":{"line":10,"column":33}},"7":{"start":{"line":13,"column":4},"end":{"line":17,"column":6}},"8":{"start":{"line":14,"column":8},"end":{"line":16,"column":34}},"9":{"start":{"line":15,"column":12},"end":{"line":15,"column":44}},"10":{"start":{"line":16,"column":24},"end":{"line":16,"column":33}},"11":{"start":{"line":19,"column":4},"end":{"line":19,"column":17}}},"fnMap":{"0":{"name":"(anonymous_0)","decl":{"start":{"line":3,"column":17},"end":{"line":3,"column":18}},"loc":{"start":{"line":3,"column":26},"end":{"line":20,"column":1}},"line":3},"1":{"name":"(anonymous_1)","decl":{"start":{"line":7,"column":20},"end":{"line":7,"column":21}},"loc":{"start":{"line":7,"column":39},"end":{"line":11,"column":5}},"line":7},"2":{"name":"(anonymous_2)","decl":{"start":{"line":8,"column":41},"end":{"line":8,"column":42}},"loc":{"start":{"line":8,"column":51},"end":{"line":10,"column":9}},"line":8},"3":{"name":"(anonymous_3)","decl":{"start":{"line":10,"column":17},"end":{"line":10,"column":18}},"loc":{"start":{"line":10,"column":24},"end":{"line":10,"column":33}},"line":10},"4":{"name":"(anonymous_4)","decl":{"start":{"line":13,"column":21},"end":{"line":13,"column":22}},"loc":{"start":{"line":13,"column":40},"end":{"line":17,"column":5}},"line":13},"5":{"name":"(anonymous_5)","decl":{"start":{"line":14,"column":46},"end":{"line":14,"column":47}},"loc":{"start":{"line":14,"column":56},"end":{"line":16,"column":9}},"line":14},"6":{"name":"(anonymous_6)","decl":{"start":{"line":16,"column":17},"end":{"line":16,"column":18}},"loc":{"start":{"line":16,"column":24},"end":{"line":16,"column":33}},"line":16}},"branchMap":{},"s":{"0":7,"1":7,"2":7,"3":7,"4":1,"5":1,"6":0,"7":7,"8":6,"9":2,"10":4,"11":7},"f":{"0":7,"1":1,"2":1,"3":0,"4":6,"5":2,"6":4},"b":{},"_coverageSchema":"332fd63041d2c1bcb487cc26dd0d5f7d97098a6c","hash":"0d074ba07e0880c30f05118c72406ae3ef6f263b"}
,"C:\\Dev\\Fontes\\seuBarriga\\src\\seeds\\01_transfer.js": {"path":"C:\\Dev\\Fontes\\seuBarriga\\src\\seeds\\01_transfer.js","statementMap":{"0":{"start":{"line":2,"column":0},"end":{"line":32,"column":2}},"1":{"start":{"line":4,"column":2},"end":{"line":4,"column":34}},"2":{"start":{"line":5,"column":2},"end":{"line":5,"column":31}},"3":{"start":{"line":6,"column":2},"end":{"line":6,"column":30}},"4":{"start":{"line":7,"column":2},"end":{"line":7,"column":27}},"5":{"start":{"line":9,"column":2},"end":{"line":12,"column":4}},"6":{"start":{"line":14,"column":2},"end":{"line":19,"column":4}},"7":{"start":{"line":21,"column":2},"end":{"line":24,"column":4}},"8":{"start":{"line":26,"column":2},"end":{"line":31,"column":4}}},"fnMap":{"0":{"name":"(anonymous_0)","decl":{"start":{"line":2,"column":15},"end":{"line":2,"column":16}},"loc":{"start":{"line":2,"column":30},"end":{"line":32,"column":1}},"line":2}},"branchMap":{},"s":{"0":2,"1":2,"2":2,"3":2,"4":2,"5":2,"6":2,"7":2,"8":2},"f":{"0":2},"b":{},"_coverageSchema":"332fd63041d2c1bcb487cc26dd0d5f7d97098a6c","hash":"8c3fc0d7b5bcdbed6101fa74996982f8a18a5efd"}
,"C:\\Dev\\Fontes\\seuBarriga\\src\\seeds\\02_balance.js": {"path":"C:\\Dev\\Fontes\\seuBarriga\\src\\seeds\\02_balance.js","statementMap":{"0":{"start":{"line":1,"column":0},"end":{"line":14,"column":2}},"1":{"start":{"line":3,"column":2},"end":{"line":6,"column":4}},"2":{"start":{"line":8,"column":2},"end":{"line":13,"column":4}}},"fnMap":{"0":{"name":"(anonymous_0)","decl":{"start":{"line":1,"column":15},"end":{"line":1,"column":16}},"loc":{"start":{"line":1,"column":30},"end":{"line":14,"column":1}},"line":1}},"branchMap":{},"s":{"0":2,"1":2,"2":2},"f":{"0":2},"b":{},"_coverageSchema":"332fd63041d2c1bcb487cc26dd0d5f7d97098a6c","hash":"0f852134dc8f3f9d9ade5c00b43537baf6341f49"}
,"C:\\Dev\\Fontes\\seuBarriga\\src\\services\\account.js": {"path":"C:\\Dev\\Fontes\\seuBarriga\\src\\services\\account.js","statementMap":{"0":{"start":{"line":1,"column":24},"end":{"line":1,"column":60}},"1":{"start":{"line":3,"column":0},"end":{"line":40,"column":1}},"2":{"start":{"line":5,"column":21},"end":{"line":5,"column":31}},"3":{"start":{"line":7,"column":20},"end":{"line":9,"column":5}},"4":{"start":{"line":8,"column":8},"end":{"line":8,"column":56}},"5":{"start":{"line":11,"column":17},"end":{"line":18,"column":5}},"6":{"start":{"line":13,"column":22},"end":{"line":13,"column":80}},"7":{"start":{"line":14,"column":8},"end":{"line":14,"column":81}},"8":{"start":{"line":14,"column":19},"end":{"line":14,"column":81}},"9":{"start":{"line":15,"column":8},"end":{"line":15,"column":86}},"10":{"start":{"line":15,"column":27},"end":{"line":15,"column":86}},"11":{"start":{"line":17,"column":8},"end":{"line":17,"column":52}},"12":{"start":{"line":20,"column":17},"end":{"line":22,"column":5}},"13":{"start":{"line":21,"column":8},"end":{"line":21,"column":62}},"14":{"start":{"line":24,"column":19},"end":{"line":26,"column":5}},"15":{"start":{"line":25,"column":8},"end":{"line":25,"column":64}},"16":{"start":{"line":28,"column":19},"end":{"line":33,"column":5}},"17":{"start":{"line":29,"column":28},"end":{"line":29,"column":79}},"18":{"start":{"line":30,"column":8},"end":{"line":30,"column":93}},"19":{"start":{"line":30,"column":25},"end":{"line":30,"column":93}},"20":{"start":{"line":32,"column":8},"end":{"line":32,"column":49}},"21":{"start":{"line":35,"column":4},"end":{"line":39,"column":19}}},"fnMap":{"0":{"name":"(anonymous_0)","decl":{"start":{"line":3,"column":17},"end":{"line":3,"column":18}},"loc":{"start":{"line":3,"column":26},"end":{"line":40,"column":1}},"line":3},"1":{"name":"(anonymous_1)","decl":{"start":{"line":7,"column":20},"end":{"line":7,"column":21}},"loc":{"start":{"line":7,"column":32},"end":{"line":9,"column":5}},"line":7},"2":{"name":"(anonymous_2)","decl":{"start":{"line":11,"column":17},"end":{"line":11,"column":18}},"loc":{"start":{"line":11,"column":36},"end":{"line":18,"column":5}},"line":11},"3":{"name":"(anonymous_3)","decl":{"start":{"line":20,"column":17},"end":{"line":20,"column":18}},"loc":{"start":{"line":20,"column":34},"end":{"line":22,"column":5}},"line":20},"4":{"name":"(anonymous_4)","decl":{"start":{"line":24,"column":19},"end":{"line":24,"column":20}},"loc":{"start":{"line":24,"column":36},"end":{"line":26,"column":5}},"line":24},"5":{"name":"(anonymous_5)","decl":{"start":{"line":28,"column":19},"end":{"line":28,"column":20}},"loc":{"start":{"line":28,"column":32},"end":{"line":33,"column":5}},"line":28}},"branchMap":{"0":{"loc":{"start":{"line":14,"column":8},"end":{"line":14,"column":81}},"type":"if","locations":[{"start":{"line":14,"column":8},"end":{"line":14,"column":81}},{"start":{"line":14,"column":8},"end":{"line":14,"column":81}}],"line":14},"1":{"loc":{"start":{"line":15,"column":8},"end":{"line":15,"column":86}},"type":"if","locations":[{"start":{"line":15,"column":8},"end":{"line":15,"column":86}},{"start":{"line":15,"column":8},"end":{"line":15,"column":86}}],"line":15},"2":{"loc":{"start":{"line":20,"column":18},"end":{"line":20,"column":29}},"type":"default-arg","locations":[{"start":{"line":20,"column":27},"end":{"line":20,"column":29}}],"line":20},"3":{"loc":{"start":{"line":30,"column":8},"end":{"line":30,"column":93}},"type":"if","locations":[{"start":{"line":30,"column":8},"end":{"line":30,"column":93}},{"start":{"line":30,"column":8},"end":{"line":30,"column":93}}],"line":30}},"s":{"0":7,"1":7,"2":7,"3":7,"4":1,"5":7,"6":3,"7":3,"8":1,"9":2,"10":1,"11":1,"12":7,"13":25,"14":7,"15":1,"16":7,"17":2,"18":2,"19":1,"20":1,"21":7},"f":{"0":7,"1":1,"2":3,"3":25,"4":1,"5":2},"b":{"0":[1,2],"1":[1,1],"2":[0],"3":[1,1]},"_coverageSchema":"332fd63041d2c1bcb487cc26dd0d5f7d97098a6c","hash":"7356f6591c28fdbc6fea348194d6abf2f44a0653"}
,"C:\\Dev\\Fontes\\seuBarriga\\src\\services\\authService.js": {"path":"C:\\Dev\\Fontes\\seuBarriga\\src\\services\\authService.js","statementMap":{"0":{"start":{"line":1,"column":12},"end":{"line":1,"column":33}},"1":{"start":{"line":2,"column":15},"end":{"line":2,"column":39}},"2":{"start":{"line":3,"column":24},"end":{"line":3,"column":60}},"3":{"start":{"line":5,"column":15},"end":{"line":5,"column":24}},"4":{"start":{"line":7,"column":0},"end":{"line":35,"column":1}},"5":{"start":{"line":9,"column":19},"end":{"line":32,"column":5}},"6":{"start":{"line":10,"column":33},"end":{"line":10,"column":37}},"7":{"start":{"line":12,"column":8},"end":{"line":31,"column":10}},"8":{"start":{"line":13,"column":12},"end":{"line":30,"column":40}},"9":{"start":{"line":15,"column":16},"end":{"line":15,"column":112}},"10":{"start":{"line":15,"column":27},"end":{"line":15,"column":112}},"11":{"start":{"line":17,"column":16},"end":{"line":29,"column":17}},"12":{"start":{"line":19,"column":36},"end":{"line":23,"column":21}},"13":{"start":{"line":25,"column":34},"end":{"line":25,"column":61}},"14":{"start":{"line":26,"column":20},"end":{"line":26,"column":36}},"15":{"start":{"line":28,"column":20},"end":{"line":28,"column":105}},"16":{"start":{"line":30,"column":28},"end":{"line":30,"column":39}},"17":{"start":{"line":34,"column":4},"end":{"line":34,"column":19}}},"fnMap":{"0":{"name":"(anonymous_0)","decl":{"start":{"line":7,"column":17},"end":{"line":7,"column":18}},"loc":{"start":{"line":7,"column":26},"end":{"line":35,"column":1}},"line":7},"1":{"name":"(anonymous_1)","decl":{"start":{"line":9,"column":19},"end":{"line":9,"column":20}},"loc":{"start":{"line":9,"column":29},"end":{"line":32,"column":5}},"line":9},"2":{"name":"(anonymous_2)","decl":{"start":{"line":12,"column":27},"end":{"line":12,"column":28}},"loc":{"start":{"line":12,"column":48},"end":{"line":31,"column":9}},"line":12},"3":{"name":"(anonymous_3)","decl":{"start":{"line":13,"column":51},"end":{"line":13,"column":52}},"loc":{"start":{"line":13,"column":59},"end":{"line":30,"column":13}},"line":13},"4":{"name":"(anonymous_4)","decl":{"start":{"line":30,"column":21},"end":{"line":30,"column":22}},"loc":{"start":{"line":30,"column":28},"end":{"line":30,"column":39}},"line":30}},"branchMap":{"0":{"loc":{"start":{"line":15,"column":16},"end":{"line":15,"column":112}},"type":"if","locations":[{"start":{"line":15,"column":16},"end":{"line":15,"column":112}},{"start":{"line":15,"column":16},"end":{"line":15,"column":112}}],"line":15},"1":{"loc":{"start":{"line":17,"column":16},"end":{"line":29,"column":17}},"type":"if","locations":[{"start":{"line":17,"column":16},"end":{"line":29,"column":17}},{"start":{"line":17,"column":16},"end":{"line":29,"column":17}}],"line":17}},"s":{"0":7,"1":7,"2":7,"3":7,"4":7,"5":7,"6":6,"7":6,"8":6,"9":6,"10":1,"11":5,"12":4,"13":4,"14":4,"15":1,"16":2,"17":7},"f":{"0":7,"1":6,"2":6,"3":6,"4":2},"b":{"0":[1,5],"1":[4,1]},"_coverageSchema":"332fd63041d2c1bcb487cc26dd0d5f7d97098a6c","hash":"4a8ea9070d7cc263e5f58f851b63d2ff879d1050"}
,"C:\\Dev\\Fontes\\seuBarriga\\src\\services\\balance.js": {"path":"C:\\Dev\\Fontes\\seuBarriga\\src\\services\\balance.js","statementMap":{"0":{"start":{"line":1,"column":20},"end":{"line":1,"column":44}},"1":{"start":{"line":3,"column":0},"end":{"line":17,"column":1}},"2":{"start":{"line":5,"column":21},"end":{"line":14,"column":5}},"3":{"start":{"line":6,"column":8},"end":{"line":13,"column":37}},"4":{"start":{"line":16,"column":4},"end":{"line":16,"column":21}}},"fnMap":{"0":{"name":"(anonymous_0)","decl":{"start":{"line":3,"column":17},"end":{"line":3,"column":18}},"loc":{"start":{"line":3,"column":26},"end":{"line":17,"column":1}},"line":3},"1":{"name":"(anonymous_1)","decl":{"start":{"line":5,"column":21},"end":{"line":5,"column":22}},"loc":{"start":{"line":5,"column":33},"end":{"line":14,"column":5}},"line":5}},"branchMap":{},"s":{"0":7,"1":7,"2":7,"3":9,"4":7},"f":{"0":7,"1":9},"b":{},"_coverageSchema":"332fd63041d2c1bcb487cc26dd0d5f7d97098a6c","hash":"a64c47468b1e7ef38f6c04a4ec05d64f2db6fe6b"}
,"C:\\Dev\\Fontes\\seuBarriga\\src\\services\\transaction.js": {"path":"C:\\Dev\\Fontes\\seuBarriga\\src\\services\\transaction.js","statementMap":{"0":{"start":{"line":1,"column":24},"end":{"line":1,"column":60}},"1":{"start":{"line":3,"column":0},"end":{"line":49,"column":1}},"2":{"start":{"line":5,"column":25},"end":{"line":5,"column":39}},"3":{"start":{"line":6,"column":21},"end":{"line":6,"column":31}},"4":{"start":{"line":8,"column":17},"end":{"line":14,"column":5}},"5":{"start":{"line":9,"column":8},"end":{"line":13,"column":21}},"6":{"start":{"line":16,"column":20},"end":{"line":18,"column":5}},"7":{"start":{"line":17,"column":8},"end":{"line":17,"column":57}},"8":{"start":{"line":20,"column":17},"end":{"line":33,"column":5}},"9":{"start":{"line":22,"column":8},"end":{"line":22,"column":102}},"10":{"start":{"line":22,"column":38},"end":{"line":22,"column":102}},"11":{"start":{"line":23,"column":8},"end":{"line":23,"column":94}},"12":{"start":{"line":23,"column":34},"end":{"line":23,"column":94}},"13":{"start":{"line":24,"column":8},"end":{"line":24,"column":90}},"14":{"start":{"line":24,"column":31},"end":{"line":24,"column":90}},"15":{"start":{"line":25,"column":8},"end":{"line":25,"column":93}},"16":{"start":{"line":25,"column":33},"end":{"line":25,"column":93}},"17":{"start":{"line":26,"column":8},"end":{"line":26,"column":90}},"18":{"start":{"line":26,"column":31},"end":{"line":26,"column":90}},"19":{"start":{"line":27,"column":8},"end":{"line":27,"column":106}},"20":{"start":{"line":27,"column":64},"end":{"line":27,"column":106}},"21":{"start":{"line":29,"column":8},"end":{"line":31,"column":9}},"22":{"start":{"line":30,"column":12},"end":{"line":30,"column":37}},"23":{"start":{"line":32,"column":8},"end":{"line":32,"column":60}},"24":{"start":{"line":35,"column":19},"end":{"line":37,"column":5}},"25":{"start":{"line":36,"column":8},"end":{"line":36,"column":72}},"26":{"start":{"line":39,"column":19},"end":{"line":41,"column":5}},"27":{"start":{"line":40,"column":8},"end":{"line":40,"column":53}},"28":{"start":{"line":43,"column":4},"end":{"line":48,"column":9}}},"fnMap":{"0":{"name":"(anonymous_0)","decl":{"start":{"line":3,"column":17},"end":{"line":3,"column":18}},"loc":{"start":{"line":3,"column":26},"end":{"line":49,"column":1}},"line":3},"1":{"name":"(anonymous_1)","decl":{"start":{"line":8,"column":17},"end":{"line":8,"column":18}},"loc":{"start":{"line":8,"column":42},"end":{"line":14,"column":5}},"line":8},"2":{"name":"(anonymous_2)","decl":{"start":{"line":16,"column":20},"end":{"line":16,"column":21}},"loc":{"start":{"line":16,"column":32},"end":{"line":18,"column":5}},"line":16},"3":{"name":"(anonymous_3)","decl":{"start":{"line":20,"column":17},"end":{"line":20,"column":18}},"loc":{"start":{"line":20,"column":34},"end":{"line":33,"column":5}},"line":20},"4":{"name":"(anonymous_4)","decl":{"start":{"line":35,"column":19},"end":{"line":35,"column":20}},"loc":{"start":{"line":35,"column":40},"end":{"line":37,"column":5}},"line":35},"5":{"name":"(anonymous_5)","decl":{"start":{"line":39,"column":19},"end":{"line":39,"column":20}},"loc":{"start":{"line":39,"column":27},"end":{"line":41,"column":5}},"line":39}},"branchMap":{"0":{"loc":{"start":{"line":8,"column":26},"end":{"line":8,"column":37}},"type":"default-arg","locations":[{"start":{"line":8,"column":35},"end":{"line":8,"column":37}}],"line":8},"1":{"loc":{"start":{"line":22,"column":8},"end":{"line":22,"column":102}},"type":"if","locations":[{"start":{"line":22,"column":8},"end":{"line":22,"column":102}},{"start":{"line":22,"column":8},"end":{"line":22,"column":102}}],"line":22},"2":{"loc":{"start":{"line":23,"column":8},"end":{"line":23,"column":94}},"type":"if","locations":[{"start":{"line":23,"column":8},"end":{"line":23,"column":94}},{"start":{"line":23,"column":8},"end":{"line":23,"column":94}}],"line":23},"3":{"loc":{"start":{"line":24,"column":8},"end":{"line":24,"column":90}},"type":"if","locations":[{"start":{"line":24,"column":8},"end":{"line":24,"column":90}},{"start":{"line":24,"column":8},"end":{"line":24,"column":90}}],"line":24},"4":{"loc":{"start":{"line":25,"column":8},"end":{"line":25,"column":93}},"type":"if","locations":[{"start":{"line":25,"column":8},"end":{"line":25,"column":93}},{"start":{"line":25,"column":8},"end":{"line":25,"column":93}}],"line":25},"5":{"loc":{"start":{"line":26,"column":8},"end":{"line":26,"column":90}},"type":"if","locations":[{"start":{"line":26,"column":8},"end":{"line":26,"column":90}},{"start":{"line":26,"column":8},"end":{"line":26,"column":90}}],"line":26},"6":{"loc":{"start":{"line":27,"column":8},"end":{"line":27,"column":106}},"type":"if","locations":[{"start":{"line":27,"column":8},"end":{"line":27,"column":106}},{"start":{"line":27,"column":8},"end":{"line":27,"column":106}}],"line":27},"7":{"loc":{"start":{"line":27,"column":12},"end":{"line":27,"column":62}},"type":"binary-expr","locations":[{"start":{"line":27,"column":12},"end":{"line":27,"column":35}},{"start":{"line":27,"column":39},"end":{"line":27,"column":62}}],"line":27},"8":{"loc":{"start":{"line":29,"column":8},"end":{"line":31,"column":9}},"type":"if","locations":[{"start":{"line":29,"column":8},"end":{"line":31,"column":9}},{"start":{"line":29,"column":8},"end":{"line":31,"column":9}}],"line":29},"9":{"loc":{"start":{"line":29,"column":12},"end":{"line":29,"column":120}},"type":"binary-expr","locations":[{"start":{"line":29,"column":13},"end":{"line":29,"column":36}},{"start":{"line":29,"column":40},"end":{"line":29,"column":63}},{"start":{"line":29,"column":69},"end":{"line":29,"column":92}},{"start":{"line":29,"column":96},"end":{"line":29,"column":119}}],"line":29}},"s":{"0":7,"1":7,"2":7,"3":7,"4":7,"5":5,"6":7,"7":3,"8":7,"9":16,"10":1,"11":15,"12":1,"13":14,"14":1,"15":13,"16":1,"17":12,"18":1,"19":11,"20":1,"21":10,"22":5,"23":10,"24":7,"25":1,"26":7,"27":1,"28":7},"f":{"0":7,"1":5,"2":3,"3":16,"4":1,"5":1},"b":{"0":[1],"1":[1,15],"2":[1,14],"3":[1,13],"4":[1,12],"5":[1,11],"6":[1,10],"7":[11,5],"8":[5,5],"9":[10,6,9,4]},"_coverageSchema":"332fd63041d2c1bcb487cc26dd0d5f7d97098a6c","hash":"fb649f3a2f4b7b303c7a2250835ad058659f92ed"}
,"C:\\Dev\\Fontes\\seuBarriga\\src\\services\\transfer.js": {"path":"C:\\Dev\\Fontes\\seuBarriga\\src\\services\\transfer.js","statementMap":{"0":{"start":{"line":1,"column":24},"end":{"line":1,"column":60}},"1":{"start":{"line":3,"column":0},"end":{"line":93,"column":1}},"2":{"start":{"line":5,"column":22},"end":{"line":5,"column":33}},"3":{"start":{"line":6,"column":25},"end":{"line":6,"column":39}},"4":{"start":{"line":8,"column":17},"end":{"line":10,"column":5}},"5":{"start":{"line":9,"column":8},"end":{"line":9,"column":55}},"6":{"start":{"line":12,"column":20},"end":{"line":18,"column":5}},"7":{"start":{"line":13,"column":23},"end":{"line":13,"column":41}},"8":{"start":{"line":15,"column":8},"end":{"line":17,"column":9}},"9":{"start":{"line":16,"column":12},"end":{"line":16,"column":28}},"10":{"start":{"line":20,"column":29},"end":{"line":33,"column":5}},"11":{"start":{"line":21,"column":8},"end":{"line":21,"column":98}},"12":{"start":{"line":21,"column":34},"end":{"line":21,"column":98}},"13":{"start":{"line":22,"column":8},"end":{"line":22,"column":90}},"14":{"start":{"line":22,"column":30},"end":{"line":22,"column":90}},"15":{"start":{"line":23,"column":8},"end":{"line":23,"column":86}},"16":{"start":{"line":23,"column":27},"end":{"line":23,"column":86}},"17":{"start":{"line":24,"column":8},"end":{"line":24,"column":103}},"18":{"start":{"line":24,"column":33},"end":{"line":24,"column":103}},"19":{"start":{"line":25,"column":8},"end":{"line":25,"column":105}},"20":{"start":{"line":25,"column":34},"end":{"line":25,"column":105}},"21":{"start":{"line":26,"column":8},"end":{"line":26,"column":133}},"22":{"start":{"line":26,"column":57},"end":{"line":26,"column":133}},"23":{"start":{"line":28,"column":24},"end":{"line":28,"column":82}},"24":{"start":{"line":29,"column":8},"end":{"line":29,"column":117}},"25":{"start":{"line":29,"column":49},"end":{"line":29,"column":117}},"26":{"start":{"line":31,"column":25},"end":{"line":31,"column":84}},"27":{"start":{"line":32,"column":8},"end":{"line":32,"column":119}},"28":{"start":{"line":32,"column":50},"end":{"line":32,"column":119}},"29":{"start":{"line":35,"column":33},"end":{"line":56,"column":5}},"30":{"start":{"line":36,"column":8},"end":{"line":53,"column":10}},"31":{"start":{"line":55,"column":8},"end":{"line":55,"column":21}},"32":{"start":{"line":58,"column":17},"end":{"line":66,"column":5}},"33":{"start":{"line":60,"column":23},"end":{"line":60,"column":68}},"34":{"start":{"line":62,"column":8},"end":{"line":62,"column":76}},"35":{"start":{"line":64,"column":8},"end":{"line":64,"column":58}},"36":{"start":{"line":65,"column":8},"end":{"line":65,"column":21}},"37":{"start":{"line":68,"column":19},"end":{"line":78,"column":5}},"38":{"start":{"line":70,"column":23},"end":{"line":70,"column":80}},"39":{"start":{"line":71,"column":27},"end":{"line":71,"column":39}},"40":{"start":{"line":73,"column":8},"end":{"line":73,"column":76}},"41":{"start":{"line":75,"column":8},"end":{"line":75,"column":73}},"42":{"start":{"line":76,"column":8},"end":{"line":76,"column":58}},"43":{"start":{"line":77,"column":8},"end":{"line":77,"column":21}},"44":{"start":{"line":80,"column":19},"end":{"line":83,"column":5}},"45":{"start":{"line":81,"column":8},"end":{"line":81,"column":65}},"46":{"start":{"line":82,"column":8},"end":{"line":82,"column":49}},"47":{"start":{"line":85,"column":4},"end":{"line":92,"column":5}}},"fnMap":{"0":{"name":"(anonymous_0)","decl":{"start":{"line":3,"column":17},"end":{"line":3,"column":18}},"loc":{"start":{"line":3,"column":26},"end":{"line":93,"column":1}},"line":3},"1":{"name":"(anonymous_1)","decl":{"start":{"line":8,"column":17},"end":{"line":8,"column":18}},"loc":{"start":{"line":8,"column":34},"end":{"line":10,"column":5}},"line":8},"2":{"name":"(anonymous_2)","decl":{"start":{"line":12,"column":20},"end":{"line":12,"column":21}},"loc":{"start":{"line":12,"column":37},"end":{"line":18,"column":5}},"line":12},"3":{"name":"(anonymous_3)","decl":{"start":{"line":20,"column":29},"end":{"line":20,"column":30}},"loc":{"start":{"line":20,"column":48},"end":{"line":33,"column":5}},"line":20},"4":{"name":"(anonymous_4)","decl":{"start":{"line":35,"column":33},"end":{"line":35,"column":34}},"loc":{"start":{"line":35,"column":59},"end":{"line":56,"column":5}},"line":35},"5":{"name":"(anonymous_5)","decl":{"start":{"line":58,"column":17},"end":{"line":58,"column":18}},"loc":{"start":{"line":58,"column":37},"end":{"line":66,"column":5}},"line":58},"6":{"name":"(anonymous_6)","decl":{"start":{"line":68,"column":19},"end":{"line":68,"column":20}},"loc":{"start":{"line":68,"column":42},"end":{"line":78,"column":5}},"line":68},"7":{"name":"(anonymous_7)","decl":{"start":{"line":80,"column":19},"end":{"line":80,"column":20}},"loc":{"start":{"line":80,"column":32},"end":{"line":83,"column":5}},"line":80}},"branchMap":{"0":{"loc":{"start":{"line":8,"column":18},"end":{"line":8,"column":29}},"type":"default-arg","locations":[{"start":{"line":8,"column":27},"end":{"line":8,"column":29}}],"line":8},"1":{"loc":{"start":{"line":15,"column":8},"end":{"line":17,"column":9}},"type":"if","locations":[{"start":{"line":15,"column":8},"end":{"line":17,"column":9}},{"start":{"line":15,"column":8},"end":{"line":17,"column":9}}],"line":15},"2":{"loc":{"start":{"line":21,"column":8},"end":{"line":21,"column":98}},"type":"if","locations":[{"start":{"line":21,"column":8},"end":{"line":21,"column":98}},{"start":{"line":21,"column":8},"end":{"line":21,"column":98}}],"line":21},"3":{"loc":{"start":{"line":22,"column":8},"end":{"line":22,"column":90}},"type":"if","locations":[{"start":{"line":22,"column":8},"end":{"line":22,"column":90}},{"start":{"line":22,"column":8},"end":{"line":22,"column":90}}],"line":22},"4":{"loc":{"start":{"line":23,"column":8},"end":{"line":23,"column":86}},"type":"if","locations":[{"start":{"line":23,"column":8},"end":{"line":23,"column":86}},{"start":{"line":23,"column":8},"end":{"line":23,"column":86}}],"line":23},"5":{"loc":{"start":{"line":24,"column":8},"end":{"line":24,"column":103}},"type":"if","locations":[{"start":{"line":24,"column":8},"end":{"line":24,"column":103}},{"start":{"line":24,"column":8},"end":{"line":24,"column":103}}],"line":24},"6":{"loc":{"start":{"line":25,"column":8},"end":{"line":25,"column":105}},"type":"if","locations":[{"start":{"line":25,"column":8},"end":{"line":25,"column":105}},{"start":{"line":25,"column":8},"end":{"line":25,"column":105}}],"line":25},"7":{"loc":{"start":{"line":26,"column":8},"end":{"line":26,"column":133}},"type":"if","locations":[{"start":{"line":26,"column":8},"end":{"line":26,"column":133}},{"start":{"line":26,"column":8},"end":{"line":26,"column":133}}],"line":26},"8":{"loc":{"start":{"line":29,"column":8},"end":{"line":29,"column":117}},"type":"if","locations":[{"start":{"line":29,"column":8},"end":{"line":29,"column":117}},{"start":{"line":29,"column":8},"end":{"line":29,"column":117}}],"line":29},"9":{"loc":{"start":{"line":32,"column":8},"end":{"line":32,"column":119}},"type":"if","locations":[{"start":{"line":32,"column":8},"end":{"line":32,"column":119}},{"start":{"line":32,"column":8},"end":{"line":32,"column":119}}],"line":32}},"s":{"0":7,"1":7,"2":7,"3":7,"4":7,"5":14,"6":7,"7":13,"8":13,"9":13,"10":7,"11":20,"12":2,"13":18,"14":2,"15":16,"16":2,"17":14,"18":2,"19":12,"20":2,"21":10,"22":2,"23":8,"24":8,"25":2,"26":6,"27":6,"28":2,"29":7,"30":4,"31":4,"32":7,"33":3,"34":3,"35":3,"36":3,"37":7,"38":1,"39":1,"40":1,"41":1,"42":1,"43":1,"44":7,"45":1,"46":1,"47":7},"f":{"0":7,"1":14,"2":13,"3":20,"4":4,"5":3,"6":1,"7":1},"b":{"0":[0],"1":[13,0],"2":[2,18],"3":[2,16],"4":[2,14],"5":[2,12],"6":[2,10],"7":[2,8],"8":[2,6],"9":[2,4]},"_coverageSchema":"332fd63041d2c1bcb487cc26dd0d5f7d97098a6c","hash":"75fe7a64013850c8eaeb744e53f375d76aaeab8c"}
,"C:\\Dev\\Fontes\\seuBarriga\\src\\services\\user.js": {"path":"C:\\Dev\\Fontes\\seuBarriga\\src\\services\\user.js","statementMap":{"0":{"start":{"line":1,"column":15},"end":{"line":1,"column":39}},"1":{"start":{"line":2,"column":24},"end":{"line":2,"column":60}},"2":{"start":{"line":4,"column":0},"end":{"line":41,"column":1}},"3":{"start":{"line":6,"column":18},"end":{"line":6,"column":25}},"4":{"start":{"line":8,"column":20},"end":{"line":10,"column":5}},"5":{"start":{"line":9,"column":8},"end":{"line":9,"column":57}},"6":{"start":{"line":12,"column":28},"end":{"line":15,"column":5}},"7":{"start":{"line":13,"column":21},"end":{"line":13,"column":43}},"8":{"start":{"line":14,"column":8},"end":{"line":14,"column":46}},"9":{"start":{"line":17,"column":17},"end":{"line":34,"column":5}},"10":{"start":{"line":18,"column":8},"end":{"line":24,"column":9}},"11":{"start":{"line":19,"column":12},"end":{"line":19,"column":71}},"12":{"start":{"line":20,"column":15},"end":{"line":24,"column":9}},"13":{"start":{"line":21,"column":12},"end":{"line":21,"column":72}},"14":{"start":{"line":22,"column":15},"end":{"line":24,"column":9}},"15":{"start":{"line":23,"column":12},"end":{"line":23,"column":72}},"16":{"start":{"line":26,"column":23},"end":{"line":26,"column":55}},"17":{"start":{"line":27,"column":8},"end":{"line":29,"column":9}},"18":{"start":{"line":28,"column":12},"end":{"line":28,"column":86}},"19":{"start":{"line":31,"column":8},"end":{"line":31,"column":54}},"20":{"start":{"line":33,"column":8},"end":{"line":33,"column":63}},"21":{"start":{"line":36,"column":20},"end":{"line":38,"column":5}},"22":{"start":{"line":37,"column":8},"end":{"line":37,"column":59}},"23":{"start":{"line":40,"column":4},"end":{"line":40,"column":35}}},"fnMap":{"0":{"name":"(anonymous_0)","decl":{"start":{"line":4,"column":17},"end":{"line":4,"column":18}},"loc":{"start":{"line":4,"column":26},"end":{"line":41,"column":1}},"line":4},"1":{"name":"(anonymous_1)","decl":{"start":{"line":8,"column":20},"end":{"line":8,"column":21}},"loc":{"start":{"line":8,"column":26},"end":{"line":10,"column":5}},"line":8},"2":{"name":"(anonymous_2)","decl":{"start":{"line":12,"column":28},"end":{"line":12,"column":29}},"loc":{"start":{"line":12,"column":42},"end":{"line":15,"column":5}},"line":12},"3":{"name":"(anonymous_3)","decl":{"start":{"line":17,"column":17},"end":{"line":17,"column":18}},"loc":{"start":{"line":17,"column":33},"end":{"line":34,"column":5}},"line":17},"4":{"name":"(anonymous_4)","decl":{"start":{"line":36,"column":20},"end":{"line":36,"column":21}},"loc":{"start":{"line":36,"column":32},"end":{"line":38,"column":5}},"line":36}},"branchMap":{"0":{"loc":{"start":{"line":18,"column":8},"end":{"line":24,"column":9}},"type":"if","locations":[{"start":{"line":18,"column":8},"end":{"line":24,"column":9}},{"start":{"line":18,"column":8},"end":{"line":24,"column":9}}],"line":18},"1":{"loc":{"start":{"line":20,"column":15},"end":{"line":24,"column":9}},"type":"if","locations":[{"start":{"line":20,"column":15},"end":{"line":24,"column":9}},{"start":{"line":20,"column":15},"end":{"line":24,"column":9}}],"line":20},"2":{"loc":{"start":{"line":22,"column":15},"end":{"line":24,"column":9}},"type":"if","locations":[{"start":{"line":22,"column":15},"end":{"line":24,"column":9}},{"start":{"line":22,"column":15},"end":{"line":24,"column":9}}],"line":22},"3":{"loc":{"start":{"line":27,"column":8},"end":{"line":29,"column":9}},"type":"if","locations":[{"start":{"line":27,"column":8},"end":{"line":29,"column":9}},{"start":{"line":27,"column":8},"end":{"line":29,"column":9}}],"line":27}},"s":{"0":7,"1":7,"2":7,"3":7,"4":7,"5":1,"6":7,"7":9,"8":9,"9":7,"10":13,"11":1,"12":12,"13":1,"14":11,"15":1,"16":10,"17":10,"18":1,"19":9,"20":9,"21":7,"22":89,"23":7},"f":{"0":7,"1":1,"2":9,"3":13,"4":89},"b":{"0":[1,12],"1":[1,11],"2":[1,10],"3":[1,9]},"_coverageSchema":"332fd63041d2c1bcb487cc26dd0d5f7d97098a6c","hash":"459c3ea52835e18627377ae675c36092d067582b"}
}
