TN:
SF:C:\Dev\Fontes\seuBarriga\knexfile.js
FNF:0
FNH:0
DA:1,7
LF:1
LH:1
BRF:0
BRH:0
end_of_record
TN:
SF:C:\Dev\Fontes\seuBarriga\src\app.js
FN:16,(anonymous_0)
FN:21,(anonymous_1)
FNF:2
FNH:2
FNDA:1,(anonymous_0)
FNDA:36,(anonymous_1)
DA:1,7
DA:2,7
DA:3,7
DA:4,7
DA:6,7
DA:8,7
DA:16,7
DA:17,1
DA:21,7
DA:22,36
DA:23,36
DA:24,5
DA:26,0
DA:27,0
DA:30,36
DA:33,7
LF:16
LH:14
BRDA:23,0,0,31
BRDA:23,0,1,5
BRDA:24,1,0,5
BRDA:24,1,1,0
BRF:4
BRH:3
end_of_record
TN:
SF:C:\Dev\Fontes\seuBarriga\src\config\middlewares.js
FN:1,(anonymous_0)
FNF:1
FNH:1
FNDA:7,(anonymous_0)
DA:1,7
DA:3,7
DA:4,7
DA:6,7
LF:4
LH:4
BRF:0
BRH:0
end_of_record
TN:
SF:C:\Dev\Fontes\seuBarriga\src\config\passport.js
FN:8,(anonymous_0)
FN:14,(anonymous_1)
FN:15,(anonymous_2)
FN:21,(anonymous_3)
FN:27,(anonymous_4)
FNF:5
FNH:4
FNDA:7,(anonymous_0)
FNDA:72,(anonymous_1)
FNDA:72,(anonymous_2)
FNDA:0,(anonymous_3)
FNDA:7,(anonymous_4)
DA:1,7
DA:2,7
DA:4,7
DA:6,7
DA:8,7
DA:9,7
DA:14,7
DA:15,72
DA:16,72
DA:17,72
DA:19,0
DA:21,0
DA:24,7
DA:26,7
DA:27,7
LF:15
LH:13
BRDA:16,0,0,72
BRDA:16,0,1,0
BRF:2
BRH:1
end_of_record
TN:
SF:C:\Dev\Fontes\seuBarriga\src\config\router.js
FN:3,(anonymous_0)
FNF:1
FNH:1
FNDA:7,(anonymous_0)
DA:1,7
DA:3,7
DA:4,7
DA:6,7
DA:8,7
DA:9,7
DA:10,7
DA:11,7
DA:12,7
DA:14,7
LF:10
LH:10
BRF:0
BRH:0
end_of_record
TN:
SF:C:\Dev\Fontes\seuBarriga\src\errors\recursoIndevidoError.js
FN:1,RecursoIndevidoError
FNF:1
FNH:1
FNDA:5,RecursoIndevidoError
DA:1,7
DA:2,5
DA:3,5
LF:3
LH:3
BRDA:1,0,0,5
BRF:1
BRH:1
end_of_record
TN:
SF:C:\Dev\Fontes\seuBarriga\src\errors\validationError.js
FN:1,ValidationError
FNF:1
FNH:1
FNDA:31,ValidationError
DA:1,7
DA:2,31
DA:3,31
LF:3
LH:3
BRF:0
BRH:0
end_of_record
TN:
SF:C:\Dev\Fontes\seuBarriga\src\routes\accounts.js
FN:4,(anonymous_0)
FN:9,(anonymous_1)
FN:10,(anonymous_2)
FN:16,(anonymous_3)
FN:19,(anonymous_4)
FN:20,(anonymous_5)
FN:22,(anonymous_6)
FN:25,(anonymous_7)
FN:26,(anonymous_8)
FN:28,(anonymous_9)
FN:31,(anonymous_10)
FN:32,(anonymous_11)
FN:34,(anonymous_12)
FN:37,(anonymous_13)
FN:38,(anonymous_14)
FN:40,(anonymous_15)
FN:43,(anonymous_16)
FN:44,(anonymous_17)
FN:46,(anonymous_18)
FNF:19
FNH:16
FNDA:7,(anonymous_0)
FNDA:7,(anonymous_1)
FNDA:7,(anonymous_2)
FNDA:3,(anonymous_3)
FNDA:1,(anonymous_4)
FNDA:1,(anonymous_5)
FNDA:0,(anonymous_6)
FNDA:3,(anonymous_7)
FNDA:1,(anonymous_8)
FNDA:2,(anonymous_9)
FNDA:1,(anonymous_10)
FNDA:1,(anonymous_11)
FNDA:0,(anonymous_12)
FNDA:1,(anonymous_13)
FNDA:1,(anonymous_14)
FNDA:0,(anonymous_15)
FNDA:2,(anonymous_16)
FNDA:1,(anonymous_17)
FNDA:1,(anonymous_18)
DA:1,7
DA:2,7
DA:4,7
DA:6,7
DA:9,7
DA:10,7
DA:11,7
DA:12,3
DA:14,4
DA:16,3
DA:19,7
DA:20,1
DA:21,1
DA:22,0
DA:25,7
DA:26,3
DA:27,1
DA:28,2
DA:31,7
DA:32,1
DA:33,1
DA:34,0
DA:37,7
DA:38,1
DA:39,1
DA:40,0
DA:43,7
DA:44,2
DA:45,1
DA:46,1
DA:49,7
LF:31
LH:28
BRDA:11,0,0,3
BRDA:11,0,1,4
BRF:2
BRH:2
end_of_record
TN:
SF:C:\Dev\Fontes\seuBarriga\src\routes\auth.js
FN:3,(anonymous_0)
FN:7,(anonymous_1)
FN:9,(anonymous_2)
FN:11,(anonymous_3)
FN:14,(anonymous_4)
FN:15,(anonymous_5)
FN:17,(anonymous_6)
FNF:7
FNH:6
FNDA:7,(anonymous_0)
FNDA:3,(anonymous_1)
FNDA:1,(anonymous_2)
FNDA:2,(anonymous_3)
FNDA:1,(anonymous_4)
FNDA:1,(anonymous_5)
FNDA:0,(anonymous_6)
DA:1,7
DA:3,7
DA:5,7
DA:7,7
DA:9,3
DA:10,1
DA:11,2
DA:14,7
DA:15,1
DA:16,1
DA:17,0
DA:20,7
LF:12
LH:11
BRF:0
BRH:0
end_of_record
TN:
SF:C:\Dev\Fontes\seuBarriga\src\routes\balance.js
FN:3,(anonymous_0)
FN:7,(anonymous_1)
FN:8,(anonymous_2)
FN:10,(anonymous_3)
FNF:4
FNH:3
FNDA:7,(anonymous_0)
FNDA:9,(anonymous_1)
FNDA:9,(anonymous_2)
FNDA:0,(anonymous_3)
DA:1,7
DA:3,7
DA:5,7
DA:7,7
DA:8,9
DA:9,9
DA:10,0
DA:13,7
LF:8
LH:7
BRF:0
BRH:0
end_of_record
TN:
SF:C:\Dev\Fontes\seuBarriga\src\routes\transactions.js
FN:4,(anonymous_0)
FN:9,(anonymous_1)
FN:10,(anonymous_2)
FN:16,(anonymous_3)
FN:19,(anonymous_4)
FN:20,(anonymous_5)
FN:22,(anonymous_6)
FN:25,(anonymous_7)
FN:26,(anonymous_8)
FN:28,(anonymous_9)
FN:31,(anonymous_10)
FN:32,(anonymous_11)
FN:34,(anonymous_12)
FN:37,(anonymous_13)
FN:38,(anonymous_14)
FN:40,(anonymous_15)
FN:43,(anonymous_16)
FN:44,(anonymous_17)
FN:46,(anonymous_18)
FNF:19
FNH:14
FNDA:7,(anonymous_0)
FNDA:4,(anonymous_1)
FNDA:4,(anonymous_2)
FNDA:1,(anonymous_3)
FNDA:1,(anonymous_4)
FNDA:1,(anonymous_5)
FNDA:0,(anonymous_6)
FNDA:16,(anonymous_7)
FNDA:10,(anonymous_8)
FNDA:0,(anonymous_9)
FNDA:1,(anonymous_10)
FNDA:1,(anonymous_11)
FNDA:0,(anonymous_12)
FNDA:1,(anonymous_13)
FNDA:1,(anonymous_14)
FNDA:0,(anonymous_15)
FNDA:1,(anonymous_16)
FNDA:1,(anonymous_17)
FNDA:0,(anonymous_18)
DA:1,7
DA:2,7
DA:4,7
DA:6,7
DA:9,7
DA:10,4
DA:11,4
DA:12,1
DA:14,3
DA:16,1
DA:19,7
DA:20,1
DA:21,1
DA:22,0
DA:25,7
DA:26,16
DA:27,10
DA:28,0
DA:31,7
DA:32,1
DA:33,1
DA:34,0
DA:37,7
DA:38,1
DA:39,1
DA:40,0
DA:43,7
DA:44,1
DA:45,1
DA:46,0
DA:49,7
LF:31
LH:26
BRDA:11,0,0,1
BRDA:11,0,1,3
BRF:2
BRH:2
end_of_record
TN:
SF:C:\Dev\Fontes\seuBarriga\src\routes\transfers.js
FN:4,(anonymous_0)
FN:7,(anonymous_1)
FN:9,(anonymous_2)
FN:10,(anonymous_3)
FN:13,(anonymous_4)
FN:14,(anonymous_5)
FN:20,(anonymous_6)
FN:23,(anonymous_7)
FN:24,(anonymous_8)
FN:26,(anonymous_9)
FN:29,(anonymous_10)
FN:31,(anonymous_11)
FN:33,(anonymous_12)
FN:36,(anonymous_13)
FN:37,(anonymous_14)
FN:39,(anonymous_15)
FN:42,(anonymous_16)
FN:44,(anonymous_17)
FN:46,(anonymous_18)
FN:49,(anonymous_19)
FN:50,(anonymous_20)
FNF:21
FNH:17
FNDA:7,(anonymous_0)
FNDA:20,(anonymous_1)
FNDA:4,(anonymous_2)
FNDA:16,(anonymous_3)
FNDA:12,(anonymous_4)
FNDA:12,(anonymous_5)
FNDA:1,(anonymous_6)
FNDA:1,(anonymous_7)
FNDA:1,(anonymous_8)
FNDA:0,(anonymous_9)
FNDA:3,(anonymous_10)
FNDA:3,(anonymous_11)
FNDA:0,(anonymous_12)
FNDA:1,(anonymous_13)
FNDA:1,(anonymous_14)
FNDA:0,(anonymous_15)
FNDA:1,(anonymous_16)
FNDA:1,(anonymous_17)
FNDA:0,(anonymous_18)
FNDA:1,(anonymous_19)
FNDA:1,(anonymous_20)
DA:1,7
DA:2,7
DA:4,7
DA:5,7
DA:7,7
DA:8,20
DA:9,4
DA:10,16
DA:13,7
DA:14,12
DA:15,12
DA:16,1
DA:18,11
DA:20,1
DA:23,7
DA:24,1
DA:25,1
DA:26,0
DA:29,7
DA:30,3
DA:31,3
DA:32,3
DA:33,0
DA:36,7
DA:37,1
DA:38,1
DA:39,0
DA:42,7
DA:43,1
DA:44,1
DA:45,1
DA:46,0
DA:49,7
DA:50,1
DA:51,1
DA:55,7
LF:36
LH:32
BRDA:15,0,0,1
BRDA:15,0,1,11
BRF:2
BRH:2
end_of_record
TN:
SF:C:\Dev\Fontes\seuBarriga\src\routes\users.js
FN:3,(anonymous_0)
FN:7,(anonymous_1)
FN:8,(anonymous_2)
FN:10,(anonymous_3)
FN:13,(anonymous_4)
FN:14,(anonymous_5)
FN:16,(anonymous_6)
FNF:7
FNH:6
FNDA:7,(anonymous_0)
FNDA:1,(anonymous_1)
FNDA:1,(anonymous_2)
FNDA:0,(anonymous_3)
FNDA:6,(anonymous_4)
FNDA:2,(anonymous_5)
FNDA:4,(anonymous_6)
DA:1,7
DA:3,7
DA:5,7
DA:7,7
DA:8,1
DA:9,1
DA:10,0
DA:13,7
DA:14,6
DA:15,2
DA:16,4
DA:19,7
LF:12
LH:11
BRF:0
BRH:0
end_of_record
TN:
SF:C:\Dev\Fontes\seuBarriga\src\seeds\01_transfer.js
FN:2,(anonymous_0)
FNF:1
FNH:1
FNDA:2,(anonymous_0)
DA:2,2
DA:4,2
DA:5,2
DA:6,2
DA:7,2
DA:9,2
DA:14,2
DA:21,2
DA:26,2
LF:9
LH:9
BRF:0
BRH:0
end_of_record
TN:
SF:C:\Dev\Fontes\seuBarriga\src\seeds\02_balance.js
FN:1,(anonymous_0)
FNF:1
FNH:1
FNDA:2,(anonymous_0)
DA:1,2
DA:3,2
DA:8,2
LF:3
LH:3
BRF:0
BRH:0
end_of_record
TN:
SF:C:\Dev\Fontes\seuBarriga\src\services\account.js
FN:3,(anonymous_0)
FN:7,(anonymous_1)
FN:11,(anonymous_2)
FN:20,(anonymous_3)
FN:24,(anonymous_4)
FN:28,(anonymous_5)
FNF:6
FNH:6
FNDA:7,(anonymous_0)
FNDA:1,(anonymous_1)
FNDA:3,(anonymous_2)
FNDA:25,(anonymous_3)
FNDA:1,(anonymous_4)
FNDA:2,(anonymous_5)
DA:1,7
DA:3,7
DA:5,7
DA:7,7
DA:8,1
DA:11,7
DA:13,3
DA:14,3
DA:15,2
DA:17,1
DA:20,7
DA:21,25
DA:24,7
DA:25,1
DA:28,7
DA:29,2
DA:30,2
DA:32,1
DA:35,7
LF:19
LH:19
BRDA:14,0,0,1
BRDA:14,0,1,2
BRDA:15,1,0,1
BRDA:15,1,1,1
BRDA:20,2,0,0
BRDA:30,3,0,1
BRDA:30,3,1,1
BRF:7
BRH:6
end_of_record
TN:
SF:C:\Dev\Fontes\seuBarriga\src\services\authService.js
FN:7,(anonymous_0)
FN:9,(anonymous_1)
FN:12,(anonymous_2)
FN:13,(anonymous_3)
FN:30,(anonymous_4)
FNF:5
FNH:5
FNDA:7,(anonymous_0)
FNDA:6,(anonymous_1)
FNDA:6,(anonymous_2)
FNDA:6,(anonymous_3)
FNDA:2,(anonymous_4)
DA:1,7
DA:2,7
DA:3,7
DA:5,7
DA:7,7
DA:9,7
DA:10,6
DA:12,6
DA:13,6
DA:15,6
DA:17,5
DA:19,4
DA:25,4
DA:26,4
DA:28,1
DA:30,2
DA:34,7
LF:17
LH:17
BRDA:15,0,0,1
BRDA:15,0,1,5
BRDA:17,1,0,4
BRDA:17,1,1,1
BRF:4
BRH:4
end_of_record
TN:
SF:C:\Dev\Fontes\seuBarriga\src\services\balance.js
FN:3,(anonymous_0)
FN:5,(anonymous_1)
FNF:2
FNH:2
FNDA:7,(anonymous_0)
FNDA:9,(anonymous_1)
DA:1,7
DA:3,7
DA:5,7
DA:6,9
DA:16,7
LF:5
LH:5
BRF:0
BRH:0
end_of_record
TN:
SF:C:\Dev\Fontes\seuBarriga\src\services\transaction.js
FN:3,(anonymous_0)
FN:8,(anonymous_1)
FN:16,(anonymous_2)
FN:20,(anonymous_3)
FN:35,(anonymous_4)
FN:39,(anonymous_5)
FNF:6
FNH:6
FNDA:7,(anonymous_0)
FNDA:5,(anonymous_1)
FNDA:3,(anonymous_2)
FNDA:16,(anonymous_3)
FNDA:1,(anonymous_4)
FNDA:1,(anonymous_5)
DA:1,7
DA:3,7
DA:5,7
DA:6,7
DA:8,7
DA:9,5
DA:16,7
DA:17,3
DA:20,7
DA:22,16
DA:23,15
DA:24,14
DA:25,13
DA:26,12
DA:27,11
DA:29,10
DA:30,5
DA:32,10
DA:35,7
DA:36,1
DA:39,7
DA:40,1
DA:43,7
LF:23
LH:23
BRDA:8,0,0,1
BRDA:22,1,0,1
BRDA:22,1,1,15
BRDA:23,2,0,1
BRDA:23,2,1,14
BRDA:24,3,0,1
BRDA:24,3,1,13
BRDA:25,4,0,1
BRDA:25,4,1,12
BRDA:26,5,0,1
BRDA:26,5,1,11
BRDA:27,6,0,1
BRDA:27,6,1,10
BRDA:27,7,0,11
BRDA:27,7,1,5
BRDA:29,8,0,5
BRDA:29,8,1,5
BRDA:29,9,0,10
BRDA:29,9,1,6
BRDA:29,9,2,9
BRDA:29,9,3,4
BRF:21
BRH:21
end_of_record
TN:
SF:C:\Dev\Fontes\seuBarriga\src\services\transfer.js
FN:3,(anonymous_0)
FN:8,(anonymous_1)
FN:12,(anonymous_2)
FN:20,(anonymous_3)
FN:35,(anonymous_4)
FN:58,(anonymous_5)
FN:68,(anonymous_6)
FN:80,(anonymous_7)
FNF:8
FNH:8
FNDA:7,(anonymous_0)
FNDA:14,(anonymous_1)
FNDA:13,(anonymous_2)
FNDA:20,(anonymous_3)
FNDA:4,(anonymous_4)
FNDA:3,(anonymous_5)
FNDA:1,(anonymous_6)
FNDA:1,(anonymous_7)
DA:1,7
DA:3,7
DA:5,7
DA:6,7
DA:8,7
DA:9,14
DA:12,7
DA:13,13
DA:15,13
DA:16,13
DA:20,7
DA:21,20
DA:22,18
DA:23,16
DA:24,14
DA:25,12
DA:26,10
DA:28,8
DA:29,8
DA:31,6
DA:32,6
DA:35,7
DA:36,4
DA:55,4
DA:58,7
DA:60,3
DA:62,3
DA:64,3
DA:65,3
DA:68,7
DA:70,1
DA:71,1
DA:73,1
DA:75,1
DA:76,1
DA:77,1
DA:80,7
DA:81,1
DA:82,1
DA:85,7
LF:40
LH:40
BRDA:8,0,0,0
BRDA:15,1,0,13
BRDA:15,1,1,0
BRDA:21,2,0,2
BRDA:21,2,1,18
BRDA:22,3,0,2
BRDA:22,3,1,16
BRDA:23,4,0,2
BRDA:23,4,1,14
BRDA:24,5,0,2
BRDA:24,5,1,12
BRDA:25,6,0,2
BRDA:25,6,1,10
BRDA:26,7,0,2
BRDA:26,7,1,8
BRDA:29,8,0,2
BRDA:29,8,1,6
BRDA:32,9,0,2
BRDA:32,9,1,4
BRF:19
BRH:17
end_of_record
TN:
SF:C:\Dev\Fontes\seuBarriga\src\services\user.js
FN:4,(anonymous_0)
FN:8,(anonymous_1)
FN:12,(anonymous_2)
FN:17,(anonymous_3)
FN:36,(anonymous_4)
FNF:5
FNH:5
FNDA:7,(anonymous_0)
FNDA:1,(anonymous_1)
FNDA:9,(anonymous_2)
FNDA:13,(anonymous_3)
FNDA:89,(anonymous_4)
DA:1,7
DA:2,7
DA:4,7
DA:6,7
DA:8,7
DA:9,1
DA:12,7
DA:13,9
DA:14,9
DA:17,7
DA:18,13
DA:19,1
DA:20,12
DA:21,1
DA:22,11
DA:23,1
DA:26,10
DA:27,10
DA:28,1
DA:31,9
DA:33,9
DA:36,7
DA:37,89
DA:40,7
LF:24
LH:24
BRDA:18,0,0,1
BRDA:18,0,1,12
BRDA:20,1,0,1
BRDA:20,1,1,11
BRDA:22,2,0,1
BRDA:22,2,1,10
BRDA:27,3,0,1
BRDA:27,3,1,9
BRF:8
BRH:8
end_of_record
